  0%|          | 0/5 [00:00<?, ?it/s] 20%|██        | 1/5 [16:04<1:04:19, 964.83s/it] 40%|████      | 2/5 [33:28<50:34, 1011.42s/it]  60%|██████    | 3/5 [46:21<30:04, 902.29s/it]  80%|████████  | 4/5 [53:00<11:43, 703.82s/it]100%|██████████| 5/5 [1:12:38<00:00, 874.69s/it]100%|██████████| 5/5 [1:12:38<00:00, 871.70s/it]2023-10-24 10:43:06,960 - SRR ids: ['/cellar/users/aklie/data/datasets/Zhu2023_sc-islet_scRNA-seq/fastq/24Oct23/SRP374217/SRX15207312/SRR19140223.sra']
2023-10-24 10:43:06,960 - extra args: ['--split-files', '--gzip']
2023-10-24 10:43:06,969 - tempdir: /cellar/users/aklie/tmp/fastq-dump/pfd_u4ks89ms
2023-10-24 10:43:06,970 - CMD: sra-stat --meta --quick /cellar/users/aklie/data/datasets/Zhu2023_sc-islet_scRNA-seq/fastq/24Oct23/SRP374217/SRX15207312/SRR19140223.sra
2023-10-24 10:43:08,229 - /cellar/users/aklie/data/datasets/Zhu2023_sc-islet_scRNA-seq/fastq/24Oct23/SRP374217/SRX15207312/SRR19140223.sra spots: 573654434
2023-10-24 10:43:08,229 - blocks: [[1, 8963350], [8963351, 17926700], [17926701, 26890050], [26890051, 35853400], [35853401, 44816750], [44816751, 53780100], [53780101, 62743450], [62743451, 71706800], [71706801, 80670150], [80670151, 89633500], [89633501, 98596850], [98596851, 107560200], [107560201, 116523550], [116523551, 125486900], [125486901, 134450250], [134450251, 143413600], [143413601, 152376950], [152376951, 161340300], [161340301, 170303650], [170303651, 179267000], [179267001, 188230350], [188230351, 197193700], [197193701, 206157050], [206157051, 215120400], [215120401, 224083750], [224083751, 233047100], [233047101, 242010450], [242010451, 250973800], [250973801, 259937150], [259937151, 268900500], [268900501, 277863850], [277863851, 286827200], [286827201, 295790550], [295790551, 304753900], [304753901, 313717250], [313717251, 322680600], [322680601, 331643950], [331643951, 340607300], [340607301, 349570650], [349570651, 358534000], [358534001, 367497350], [367497351, 376460700], [376460701, 385424050], [385424051, 394387400], [394387401, 403350750], [403350751, 412314100], [412314101, 421277450], [421277451, 430240800], [430240801, 439204150], [439204151, 448167500], [448167501, 457130850], [457130851, 466094200], [466094201, 475057550], [475057551, 484020900], [484020901, 492984250], [492984251, 501947600], [501947601, 510910950], [510910951, 519874300], [519874301, 528837650], [528837651, 537801000], [537801001, 546764350], [546764351, 555727700], [555727701, 564691050], [564691051, 573654434]]
2023-10-24 10:43:08,233 - CMD: fastq-dump -N 1 -X 8963350 -O /cellar/users/aklie/tmp/fastq-dump/pfd_u4ks89ms/0 --split-files --gzip /cellar/users/aklie/data/datasets/Zhu2023_sc-islet_scRNA-seq/fastq/24Oct23/SRP374217/SRX15207312/SRR19140223.sra
2023-10-24 10:43:08,507 - CMD: fastq-dump -N 8963351 -X 17926700 -O /cellar/users/aklie/tmp/fastq-dump/pfd_u4ks89ms/1 --split-files --gzip /cellar/users/aklie/data/datasets/Zhu2023_sc-islet_scRNA-seq/fastq/24Oct23/SRP374217/SRX15207312/SRR19140223.sra
2023-10-24 10:43:08,539 - CMD: fastq-dump -N 17926701 -X 26890050 -O /cellar/users/aklie/tmp/fastq-dump/pfd_u4ks89ms/2 --split-files --gzip /cellar/users/aklie/data/datasets/Zhu2023_sc-islet_scRNA-seq/fastq/24Oct23/SRP374217/SRX15207312/SRR19140223.sra
2023-10-24 10:43:08,569 - CMD: fastq-dump -N 26890051 -X 35853400 -O /cellar/users/aklie/tmp/fastq-dump/pfd_u4ks89ms/3 --split-files --gzip /cellar/users/aklie/data/datasets/Zhu2023_sc-islet_scRNA-seq/fastq/24Oct23/SRP374217/SRX15207312/SRR19140223.sra
2023-10-24 10:43:08,598 - CMD: fastq-dump -N 35853401 -X 44816750 -O /cellar/users/aklie/tmp/fastq-dump/pfd_u4ks89ms/4 --split-files --gzip /cellar/users/aklie/data/datasets/Zhu2023_sc-islet_scRNA-seq/fastq/24Oct23/SRP374217/SRX15207312/SRR19140223.sra
2023-10-24 10:43:08,627 - CMD: fastq-dump -N 44816751 -X 53780100 -O /cellar/users/aklie/tmp/fastq-dump/pfd_u4ks89ms/5 --split-files --gzip /cellar/users/aklie/data/datasets/Zhu2023_sc-islet_scRNA-seq/fastq/24Oct23/SRP374217/SRX15207312/SRR19140223.sra
2023-10-24 10:43:08,660 - CMD: fastq-dump -N 53780101 -X 62743450 -O /cellar/users/aklie/tmp/fastq-dump/pfd_u4ks89ms/6 --split-files --gzip /cellar/users/aklie/data/datasets/Zhu2023_sc-islet_scRNA-seq/fastq/24Oct23/SRP374217/SRX15207312/SRR19140223.sra
2023-10-24 10:43:08,969 - CMD: fastq-dump -N 62743451 -X 71706800 -O /cellar/users/aklie/tmp/fastq-dump/pfd_u4ks89ms/7 --split-files --gzip /cellar/users/aklie/data/datasets/Zhu2023_sc-islet_scRNA-seq/fastq/24Oct23/SRP374217/SRX15207312/SRR19140223.sra
2023-10-24 10:43:09,031 - CMD: fastq-dump -N 71706801 -X 80670150 -O /cellar/users/aklie/tmp/fastq-dump/pfd_u4ks89ms/8 --split-files --gzip /cellar/users/aklie/data/datasets/Zhu2023_sc-islet_scRNA-seq/fastq/24Oct23/SRP374217/SRX15207312/SRR19140223.sra
2023-10-24 10:43:09,141 - CMD: fastq-dump -N 80670151 -X 89633500 -O /cellar/users/aklie/tmp/fastq-dump/pfd_u4ks89ms/9 --split-files --gzip /cellar/users/aklie/data/datasets/Zhu2023_sc-islet_scRNA-seq/fastq/24Oct23/SRP374217/SRX15207312/SRR19140223.sra
2023-10-24 10:43:09,224 - CMD: fastq-dump -N 89633501 -X 98596850 -O /cellar/users/aklie/tmp/fastq-dump/pfd_u4ks89ms/10 --split-files --gzip /cellar/users/aklie/data/datasets/Zhu2023_sc-islet_scRNA-seq/fastq/24Oct23/SRP374217/SRX15207312/SRR19140223.sra
2023-10-24 10:43:09,278 - CMD: fastq-dump -N 98596851 -X 107560200 -O /cellar/users/aklie/tmp/fastq-dump/pfd_u4ks89ms/11 --split-files --gzip /cellar/users/aklie/data/datasets/Zhu2023_sc-islet_scRNA-seq/fastq/24Oct23/SRP374217/SRX15207312/SRR19140223.sra
2023-10-24 10:43:09,329 - CMD: fastq-dump -N 107560201 -X 116523550 -O /cellar/users/aklie/tmp/fastq-dump/pfd_u4ks89ms/12 --split-files --gzip /cellar/users/aklie/data/datasets/Zhu2023_sc-islet_scRNA-seq/fastq/24Oct23/SRP374217/SRX15207312/SRR19140223.sra
2023-10-24 10:43:09,360 - CMD: fastq-dump -N 116523551 -X 125486900 -O /cellar/users/aklie/tmp/fastq-dump/pfd_u4ks89ms/13 --split-files --gzip /cellar/users/aklie/data/datasets/Zhu2023_sc-islet_scRNA-seq/fastq/24Oct23/SRP374217/SRX15207312/SRR19140223.sra
2023-10-24 10:43:09,387 - CMD: fastq-dump -N 125486901 -X 134450250 -O /cellar/users/aklie/tmp/fastq-dump/pfd_u4ks89ms/14 --split-files --gzip /cellar/users/aklie/data/datasets/Zhu2023_sc-islet_scRNA-seq/fastq/24Oct23/SRP374217/SRX15207312/SRR19140223.sra
2023-10-24 10:43:09,431 - CMD: fastq-dump -N 134450251 -X 143413600 -O /cellar/users/aklie/tmp/fastq-dump/pfd_u4ks89ms/15 --split-files --gzip /cellar/users/aklie/data/datasets/Zhu2023_sc-islet_scRNA-seq/fastq/24Oct23/SRP374217/SRX15207312/SRR19140223.sra
2023-10-24 10:43:09,480 - CMD: fastq-dump -N 143413601 -X 152376950 -O /cellar/users/aklie/tmp/fastq-dump/pfd_u4ks89ms/16 --split-files --gzip /cellar/users/aklie/data/datasets/Zhu2023_sc-islet_scRNA-seq/fastq/24Oct23/SRP374217/SRX15207312/SRR19140223.sra
2023-10-24 10:43:09,503 - CMD: fastq-dump -N 152376951 -X 161340300 -O /cellar/users/aklie/tmp/fastq-dump/pfd_u4ks89ms/17 --split-files --gzip /cellar/users/aklie/data/datasets/Zhu2023_sc-islet_scRNA-seq/fastq/24Oct23/SRP374217/SRX15207312/SRR19140223.sra
2023-10-24 10:43:09,530 - CMD: fastq-dump -N 161340301 -X 170303650 -O /cellar/users/aklie/tmp/fastq-dump/pfd_u4ks89ms/18 --split-files --gzip /cellar/users/aklie/data/datasets/Zhu2023_sc-islet_scRNA-seq/fastq/24Oct23/SRP374217/SRX15207312/SRR19140223.sra
2023-10-24 10:43:09,560 - CMD: fastq-dump -N 170303651 -X 179267000 -O /cellar/users/aklie/tmp/fastq-dump/pfd_u4ks89ms/19 --split-files --gzip /cellar/users/aklie/data/datasets/Zhu2023_sc-islet_scRNA-seq/fastq/24Oct23/SRP374217/SRX15207312/SRR19140223.sra
2023-10-24 10:43:09,589 - CMD: fastq-dump -N 179267001 -X 188230350 -O /cellar/users/aklie/tmp/fastq-dump/pfd_u4ks89ms/20 --split-files --gzip /cellar/users/aklie/data/datasets/Zhu2023_sc-islet_scRNA-seq/fastq/24Oct23/SRP374217/SRX15207312/SRR19140223.sra
2023-10-24 10:43:09,612 - CMD: fastq-dump -N 188230351 -X 197193700 -O /cellar/users/aklie/tmp/fastq-dump/pfd_u4ks89ms/21 --split-files --gzip /cellar/users/aklie/data/datasets/Zhu2023_sc-islet_scRNA-seq/fastq/24Oct23/SRP374217/SRX15207312/SRR19140223.sra
2023-10-24 10:43:09,635 - CMD: fastq-dump -N 197193701 -X 206157050 -O /cellar/users/aklie/tmp/fastq-dump/pfd_u4ks89ms/22 --split-files --gzip /cellar/users/aklie/data/datasets/Zhu2023_sc-islet_scRNA-seq/fastq/24Oct23/SRP374217/SRX15207312/SRR19140223.sra
2023-10-24 10:43:09,671 - CMD: fastq-dump -N 206157051 -X 215120400 -O /cellar/users/aklie/tmp/fastq-dump/pfd_u4ks89ms/23 --split-files --gzip /cellar/users/aklie/data/datasets/Zhu2023_sc-islet_scRNA-seq/fastq/24Oct23/SRP374217/SRX15207312/SRR19140223.sra
2023-10-24 10:43:09,694 - CMD: fastq-dump -N 215120401 -X 224083750 -O /cellar/users/aklie/tmp/fastq-dump/pfd_u4ks89ms/24 --split-files --gzip /cellar/users/aklie/data/datasets/Zhu2023_sc-islet_scRNA-seq/fastq/24Oct23/SRP374217/SRX15207312/SRR19140223.sra
2023-10-24 10:43:09,725 - CMD: fastq-dump -N 224083751 -X 233047100 -O /cellar/users/aklie/tmp/fastq-dump/pfd_u4ks89ms/25 --split-files --gzip /cellar/users/aklie/data/datasets/Zhu2023_sc-islet_scRNA-seq/fastq/24Oct23/SRP374217/SRX15207312/SRR19140223.sra
2023-10-24 10:43:09,756 - CMD: fastq-dump -N 233047101 -X 242010450 -O /cellar/users/aklie/tmp/fastq-dump/pfd_u4ks89ms/26 --split-files --gzip /cellar/users/aklie/data/datasets/Zhu2023_sc-islet_scRNA-seq/fastq/24Oct23/SRP374217/SRX15207312/SRR19140223.sra
2023-10-24 10:43:09,791 - CMD: fastq-dump -N 242010451 -X 250973800 -O /cellar/users/aklie/tmp/fastq-dump/pfd_u4ks89ms/27 --split-files --gzip /cellar/users/aklie/data/datasets/Zhu2023_sc-islet_scRNA-seq/fastq/24Oct23/SRP374217/SRX15207312/SRR19140223.sra
2023-10-24 10:43:09,825 - CMD: fastq-dump -N 250973801 -X 259937150 -O /cellar/users/aklie/tmp/fastq-dump/pfd_u4ks89ms/28 --split-files --gzip /cellar/users/aklie/data/datasets/Zhu2023_sc-islet_scRNA-seq/fastq/24Oct23/SRP374217/SRX15207312/SRR19140223.sra
2023-10-24 10:43:09,855 - CMD: fastq-dump -N 259937151 -X 268900500 -O /cellar/users/aklie/tmp/fastq-dump/pfd_u4ks89ms/29 --split-files --gzip /cellar/users/aklie/data/datasets/Zhu2023_sc-islet_scRNA-seq/fastq/24Oct23/SRP374217/SRX15207312/SRR19140223.sra
2023-10-24 10:43:09,880 - CMD: fastq-dump -N 268900501 -X 277863850 -O /cellar/users/aklie/tmp/fastq-dump/pfd_u4ks89ms/30 --split-files --gzip /cellar/users/aklie/data/datasets/Zhu2023_sc-islet_scRNA-seq/fastq/24Oct23/SRP374217/SRX15207312/SRR19140223.sra
2023-10-24 10:43:09,901 - CMD: fastq-dump -N 277863851 -X 286827200 -O /cellar/users/aklie/tmp/fastq-dump/pfd_u4ks89ms/31 --split-files --gzip /cellar/users/aklie/data/datasets/Zhu2023_sc-islet_scRNA-seq/fastq/24Oct23/SRP374217/SRX15207312/SRR19140223.sra
2023-10-24 10:43:09,920 - CMD: fastq-dump -N 286827201 -X 295790550 -O /cellar/users/aklie/tmp/fastq-dump/pfd_u4ks89ms/32 --split-files --gzip /cellar/users/aklie/data/datasets/Zhu2023_sc-islet_scRNA-seq/fastq/24Oct23/SRP374217/SRX15207312/SRR19140223.sra
2023-10-24 10:43:09,939 - CMD: fastq-dump -N 295790551 -X 304753900 -O /cellar/users/aklie/tmp/fastq-dump/pfd_u4ks89ms/33 --split-files --gzip /cellar/users/aklie/data/datasets/Zhu2023_sc-islet_scRNA-seq/fastq/24Oct23/SRP374217/SRX15207312/SRR19140223.sra
2023-10-24 10:43:09,955 - CMD: fastq-dump -N 304753901 -X 313717250 -O /cellar/users/aklie/tmp/fastq-dump/pfd_u4ks89ms/34 --split-files --gzip /cellar/users/aklie/data/datasets/Zhu2023_sc-islet_scRNA-seq/fastq/24Oct23/SRP374217/SRX15207312/SRR19140223.sra
2023-10-24 10:43:09,976 - CMD: fastq-dump -N 313717251 -X 322680600 -O /cellar/users/aklie/tmp/fastq-dump/pfd_u4ks89ms/35 --split-files --gzip /cellar/users/aklie/data/datasets/Zhu2023_sc-islet_scRNA-seq/fastq/24Oct23/SRP374217/SRX15207312/SRR19140223.sra
2023-10-24 10:43:09,998 - CMD: fastq-dump -N 322680601 -X 331643950 -O /cellar/users/aklie/tmp/fastq-dump/pfd_u4ks89ms/36 --split-files --gzip /cellar/users/aklie/data/datasets/Zhu2023_sc-islet_scRNA-seq/fastq/24Oct23/SRP374217/SRX15207312/SRR19140223.sra
2023-10-24 10:43:10,027 - CMD: fastq-dump -N 331643951 -X 340607300 -O /cellar/users/aklie/tmp/fastq-dump/pfd_u4ks89ms/37 --split-files --gzip /cellar/users/aklie/data/datasets/Zhu2023_sc-islet_scRNA-seq/fastq/24Oct23/SRP374217/SRX15207312/SRR19140223.sra
2023-10-24 10:43:10,057 - CMD: fastq-dump -N 340607301 -X 349570650 -O /cellar/users/aklie/tmp/fastq-dump/pfd_u4ks89ms/38 --split-files --gzip /cellar/users/aklie/data/datasets/Zhu2023_sc-islet_scRNA-seq/fastq/24Oct23/SRP374217/SRX15207312/SRR19140223.sra
2023-10-24 10:43:10,086 - CMD: fastq-dump -N 349570651 -X 358534000 -O /cellar/users/aklie/tmp/fastq-dump/pfd_u4ks89ms/39 --split-files --gzip /cellar/users/aklie/data/datasets/Zhu2023_sc-islet_scRNA-seq/fastq/24Oct23/SRP374217/SRX15207312/SRR19140223.sra
2023-10-24 10:43:10,118 - CMD: fastq-dump -N 358534001 -X 367497350 -O /cellar/users/aklie/tmp/fastq-dump/pfd_u4ks89ms/40 --split-files --gzip /cellar/users/aklie/data/datasets/Zhu2023_sc-islet_scRNA-seq/fastq/24Oct23/SRP374217/SRX15207312/SRR19140223.sra
2023-10-24 10:43:10,151 - CMD: fastq-dump -N 367497351 -X 376460700 -O /cellar/users/aklie/tmp/fastq-dump/pfd_u4ks89ms/41 --split-files --gzip /cellar/users/aklie/data/datasets/Zhu2023_sc-islet_scRNA-seq/fastq/24Oct23/SRP374217/SRX15207312/SRR19140223.sra
2023-10-24 10:43:10,187 - CMD: fastq-dump -N 376460701 -X 385424050 -O /cellar/users/aklie/tmp/fastq-dump/pfd_u4ks89ms/42 --split-files --gzip /cellar/users/aklie/data/datasets/Zhu2023_sc-islet_scRNA-seq/fastq/24Oct23/SRP374217/SRX15207312/SRR19140223.sra
2023-10-24 10:43:10,217 - CMD: fastq-dump -N 385424051 -X 394387400 -O /cellar/users/aklie/tmp/fastq-dump/pfd_u4ks89ms/43 --split-files --gzip /cellar/users/aklie/data/datasets/Zhu2023_sc-islet_scRNA-seq/fastq/24Oct23/SRP374217/SRX15207312/SRR19140223.sra
2023-10-24 10:43:10,250 - CMD: fastq-dump -N 394387401 -X 403350750 -O /cellar/users/aklie/tmp/fastq-dump/pfd_u4ks89ms/44 --split-files --gzip /cellar/users/aklie/data/datasets/Zhu2023_sc-islet_scRNA-seq/fastq/24Oct23/SRP374217/SRX15207312/SRR19140223.sra
2023-10-24 10:43:10,282 - CMD: fastq-dump -N 403350751 -X 412314100 -O /cellar/users/aklie/tmp/fastq-dump/pfd_u4ks89ms/45 --split-files --gzip /cellar/users/aklie/data/datasets/Zhu2023_sc-islet_scRNA-seq/fastq/24Oct23/SRP374217/SRX15207312/SRR19140223.sra
2023-10-24 10:43:10,312 - CMD: fastq-dump -N 412314101 -X 421277450 -O /cellar/users/aklie/tmp/fastq-dump/pfd_u4ks89ms/46 --split-files --gzip /cellar/users/aklie/data/datasets/Zhu2023_sc-islet_scRNA-seq/fastq/24Oct23/SRP374217/SRX15207312/SRR19140223.sra
2023-10-24 10:43:10,346 - CMD: fastq-dump -N 421277451 -X 430240800 -O /cellar/users/aklie/tmp/fastq-dump/pfd_u4ks89ms/47 --split-files --gzip /cellar/users/aklie/data/datasets/Zhu2023_sc-islet_scRNA-seq/fastq/24Oct23/SRP374217/SRX15207312/SRR19140223.sra
2023-10-24 10:43:10,370 - CMD: fastq-dump -N 430240801 -X 439204150 -O /cellar/users/aklie/tmp/fastq-dump/pfd_u4ks89ms/48 --split-files --gzip /cellar/users/aklie/data/datasets/Zhu2023_sc-islet_scRNA-seq/fastq/24Oct23/SRP374217/SRX15207312/SRR19140223.sra
2023-10-24 10:43:10,407 - CMD: fastq-dump -N 439204151 -X 448167500 -O /cellar/users/aklie/tmp/fastq-dump/pfd_u4ks89ms/49 --split-files --gzip /cellar/users/aklie/data/datasets/Zhu2023_sc-islet_scRNA-seq/fastq/24Oct23/SRP374217/SRX15207312/SRR19140223.sra
2023-10-24 10:43:10,436 - CMD: fastq-dump -N 448167501 -X 457130850 -O /cellar/users/aklie/tmp/fastq-dump/pfd_u4ks89ms/50 --split-files --gzip /cellar/users/aklie/data/datasets/Zhu2023_sc-islet_scRNA-seq/fastq/24Oct23/SRP374217/SRX15207312/SRR19140223.sra
2023-10-24 10:43:10,465 - CMD: fastq-dump -N 457130851 -X 466094200 -O /cellar/users/aklie/tmp/fastq-dump/pfd_u4ks89ms/51 --split-files --gzip /cellar/users/aklie/data/datasets/Zhu2023_sc-islet_scRNA-seq/fastq/24Oct23/SRP374217/SRX15207312/SRR19140223.sra
2023-10-24 10:43:10,493 - CMD: fastq-dump -N 466094201 -X 475057550 -O /cellar/users/aklie/tmp/fastq-dump/pfd_u4ks89ms/52 --split-files --gzip /cellar/users/aklie/data/datasets/Zhu2023_sc-islet_scRNA-seq/fastq/24Oct23/SRP374217/SRX15207312/SRR19140223.sra
2023-10-24 10:43:10,515 - CMD: fastq-dump -N 475057551 -X 484020900 -O /cellar/users/aklie/tmp/fastq-dump/pfd_u4ks89ms/53 --split-files --gzip /cellar/users/aklie/data/datasets/Zhu2023_sc-islet_scRNA-seq/fastq/24Oct23/SRP374217/SRX15207312/SRR19140223.sra
2023-10-24 10:43:10,545 - CMD: fastq-dump -N 484020901 -X 492984250 -O /cellar/users/aklie/tmp/fastq-dump/pfd_u4ks89ms/54 --split-files --gzip /cellar/users/aklie/data/datasets/Zhu2023_sc-islet_scRNA-seq/fastq/24Oct23/SRP374217/SRX15207312/SRR19140223.sra
2023-10-24 10:43:10,578 - CMD: fastq-dump -N 492984251 -X 501947600 -O /cellar/users/aklie/tmp/fastq-dump/pfd_u4ks89ms/55 --split-files --gzip /cellar/users/aklie/data/datasets/Zhu2023_sc-islet_scRNA-seq/fastq/24Oct23/SRP374217/SRX15207312/SRR19140223.sra
2023-10-24 10:43:10,614 - CMD: fastq-dump -N 501947601 -X 510910950 -O /cellar/users/aklie/tmp/fastq-dump/pfd_u4ks89ms/56 --split-files --gzip /cellar/users/aklie/data/datasets/Zhu2023_sc-islet_scRNA-seq/fastq/24Oct23/SRP374217/SRX15207312/SRR19140223.sra
2023-10-24 10:43:10,639 - CMD: fastq-dump -N 510910951 -X 519874300 -O /cellar/users/aklie/tmp/fastq-dump/pfd_u4ks89ms/57 --split-files --gzip /cellar/users/aklie/data/datasets/Zhu2023_sc-islet_scRNA-seq/fastq/24Oct23/SRP374217/SRX15207312/SRR19140223.sra
2023-10-24 10:43:10,662 - CMD: fastq-dump -N 519874301 -X 528837650 -O /cellar/users/aklie/tmp/fastq-dump/pfd_u4ks89ms/58 --split-files --gzip /cellar/users/aklie/data/datasets/Zhu2023_sc-islet_scRNA-seq/fastq/24Oct23/SRP374217/SRX15207312/SRR19140223.sra
2023-10-24 10:43:10,681 - CMD: fastq-dump -N 528837651 -X 537801000 -O /cellar/users/aklie/tmp/fastq-dump/pfd_u4ks89ms/59 --split-files --gzip /cellar/users/aklie/data/datasets/Zhu2023_sc-islet_scRNA-seq/fastq/24Oct23/SRP374217/SRX15207312/SRR19140223.sra
2023-10-24 10:43:10,707 - CMD: fastq-dump -N 537801001 -X 546764350 -O /cellar/users/aklie/tmp/fastq-dump/pfd_u4ks89ms/60 --split-files --gzip /cellar/users/aklie/data/datasets/Zhu2023_sc-islet_scRNA-seq/fastq/24Oct23/SRP374217/SRX15207312/SRR19140223.sra
2023-10-24 10:43:10,733 - CMD: fastq-dump -N 546764351 -X 555727700 -O /cellar/users/aklie/tmp/fastq-dump/pfd_u4ks89ms/61 --split-files --gzip /cellar/users/aklie/data/datasets/Zhu2023_sc-islet_scRNA-seq/fastq/24Oct23/SRP374217/SRX15207312/SRR19140223.sra
2023-10-24 10:43:10,765 - CMD: fastq-dump -N 555727701 -X 564691050 -O /cellar/users/aklie/tmp/fastq-dump/pfd_u4ks89ms/62 --split-files --gzip /cellar/users/aklie/data/datasets/Zhu2023_sc-islet_scRNA-seq/fastq/24Oct23/SRP374217/SRX15207312/SRR19140223.sra
2023-10-24 10:43:10,790 - CMD: fastq-dump -N 564691051 -X 573654434 -O /cellar/users/aklie/tmp/fastq-dump/pfd_u4ks89ms/63 --split-files --gzip /cellar/users/aklie/data/datasets/Zhu2023_sc-islet_scRNA-seq/fastq/24Oct23/SRP374217/SRX15207312/SRR19140223.sra
2023-10-24 10:57:40,881 - SRR ids: ['/cellar/users/aklie/data/datasets/Zhu2023_sc-islet_scRNA-seq/fastq/24Oct23/SRP374217/SRX15207311/SRR19140224.sra']
2023-10-24 10:57:41,066 - extra args: ['--split-files', '--gzip']
2023-10-24 10:57:41,070 - tempdir: /cellar/users/aklie/tmp/fastq-dump/pfd_w_c18qda
2023-10-24 10:57:41,071 - CMD: sra-stat --meta --quick /cellar/users/aklie/data/datasets/Zhu2023_sc-islet_scRNA-seq/fastq/24Oct23/SRP374217/SRX15207311/SRR19140224.sra
2023-10-24 10:57:42,756 - /cellar/users/aklie/data/datasets/Zhu2023_sc-islet_scRNA-seq/fastq/24Oct23/SRP374217/SRX15207311/SRR19140224.sra spots: 429276850
2023-10-24 10:57:42,756 - blocks: [[1, 6707450], [6707451, 13414900], [13414901, 20122350], [20122351, 26829800], [26829801, 33537250], [33537251, 40244700], [40244701, 46952150], [46952151, 53659600], [53659601, 60367050], [60367051, 67074500], [67074501, 73781950], [73781951, 80489400], [80489401, 87196850], [87196851, 93904300], [93904301, 100611750], [100611751, 107319200], [107319201, 114026650], [114026651, 120734100], [120734101, 127441550], [127441551, 134149000], [134149001, 140856450], [140856451, 147563900], [147563901, 154271350], [154271351, 160978800], [160978801, 167686250], [167686251, 174393700], [174393701, 181101150], [181101151, 187808600], [187808601, 194516050], [194516051, 201223500], [201223501, 207930950], [207930951, 214638400], [214638401, 221345850], [221345851, 228053300], [228053301, 234760750], [234760751, 241468200], [241468201, 248175650], [248175651, 254883100], [254883101, 261590550], [261590551, 268298000], [268298001, 275005450], [275005451, 281712900], [281712901, 288420350], [288420351, 295127800], [295127801, 301835250], [301835251, 308542700], [308542701, 315250150], [315250151, 321957600], [321957601, 328665050], [328665051, 335372500], [335372501, 342079950], [342079951, 348787400], [348787401, 355494850], [355494851, 362202300], [362202301, 368909750], [368909751, 375617200], [375617201, 382324650], [382324651, 389032100], [389032101, 395739550], [395739551, 402447000], [402447001, 409154450], [409154451, 415861900], [415861901, 422569350], [422569351, 429276850]]
2023-10-24 10:57:42,758 - CMD: fastq-dump -N 1 -X 6707450 -O /cellar/users/aklie/tmp/fastq-dump/pfd_w_c18qda/0 --split-files --gzip /cellar/users/aklie/data/datasets/Zhu2023_sc-islet_scRNA-seq/fastq/24Oct23/SRP374217/SRX15207311/SRR19140224.sra
2023-10-24 10:57:42,879 - CMD: fastq-dump -N 6707451 -X 13414900 -O /cellar/users/aklie/tmp/fastq-dump/pfd_w_c18qda/1 --split-files --gzip /cellar/users/aklie/data/datasets/Zhu2023_sc-islet_scRNA-seq/fastq/24Oct23/SRP374217/SRX15207311/SRR19140224.sra
2023-10-24 10:57:42,900 - CMD: fastq-dump -N 13414901 -X 20122350 -O /cellar/users/aklie/tmp/fastq-dump/pfd_w_c18qda/2 --split-files --gzip /cellar/users/aklie/data/datasets/Zhu2023_sc-islet_scRNA-seq/fastq/24Oct23/SRP374217/SRX15207311/SRR19140224.sra
2023-10-24 10:57:42,918 - CMD: fastq-dump -N 20122351 -X 26829800 -O /cellar/users/aklie/tmp/fastq-dump/pfd_w_c18qda/3 --split-files --gzip /cellar/users/aklie/data/datasets/Zhu2023_sc-islet_scRNA-seq/fastq/24Oct23/SRP374217/SRX15207311/SRR19140224.sra
2023-10-24 10:57:42,940 - CMD: fastq-dump -N 26829801 -X 33537250 -O /cellar/users/aklie/tmp/fastq-dump/pfd_w_c18qda/4 --split-files --gzip /cellar/users/aklie/data/datasets/Zhu2023_sc-islet_scRNA-seq/fastq/24Oct23/SRP374217/SRX15207311/SRR19140224.sra
2023-10-24 10:57:43,010 - CMD: fastq-dump -N 33537251 -X 40244700 -O /cellar/users/aklie/tmp/fastq-dump/pfd_w_c18qda/5 --split-files --gzip /cellar/users/aklie/data/datasets/Zhu2023_sc-islet_scRNA-seq/fastq/24Oct23/SRP374217/SRX15207311/SRR19140224.sra
2023-10-24 10:57:43,165 - CMD: fastq-dump -N 40244701 -X 46952150 -O /cellar/users/aklie/tmp/fastq-dump/pfd_w_c18qda/6 --split-files --gzip /cellar/users/aklie/data/datasets/Zhu2023_sc-islet_scRNA-seq/fastq/24Oct23/SRP374217/SRX15207311/SRR19140224.sra
2023-10-24 10:57:43,272 - CMD: fastq-dump -N 46952151 -X 53659600 -O /cellar/users/aklie/tmp/fastq-dump/pfd_w_c18qda/7 --split-files --gzip /cellar/users/aklie/data/datasets/Zhu2023_sc-islet_scRNA-seq/fastq/24Oct23/SRP374217/SRX15207311/SRR19140224.sra
2023-10-24 10:57:43,317 - CMD: fastq-dump -N 53659601 -X 60367050 -O /cellar/users/aklie/tmp/fastq-dump/pfd_w_c18qda/8 --split-files --gzip /cellar/users/aklie/data/datasets/Zhu2023_sc-islet_scRNA-seq/fastq/24Oct23/SRP374217/SRX15207311/SRR19140224.sra
2023-10-24 10:57:43,347 - CMD: fastq-dump -N 60367051 -X 67074500 -O /cellar/users/aklie/tmp/fastq-dump/pfd_w_c18qda/9 --split-files --gzip /cellar/users/aklie/data/datasets/Zhu2023_sc-islet_scRNA-seq/fastq/24Oct23/SRP374217/SRX15207311/SRR19140224.sra
2023-10-24 10:57:43,439 - CMD: fastq-dump -N 67074501 -X 73781950 -O /cellar/users/aklie/tmp/fastq-dump/pfd_w_c18qda/10 --split-files --gzip /cellar/users/aklie/data/datasets/Zhu2023_sc-islet_scRNA-seq/fastq/24Oct23/SRP374217/SRX15207311/SRR19140224.sra
2023-10-24 10:57:43,609 - CMD: fastq-dump -N 73781951 -X 80489400 -O /cellar/users/aklie/tmp/fastq-dump/pfd_w_c18qda/11 --split-files --gzip /cellar/users/aklie/data/datasets/Zhu2023_sc-islet_scRNA-seq/fastq/24Oct23/SRP374217/SRX15207311/SRR19140224.sra
2023-10-24 10:57:43,638 - CMD: fastq-dump -N 80489401 -X 87196850 -O /cellar/users/aklie/tmp/fastq-dump/pfd_w_c18qda/12 --split-files --gzip /cellar/users/aklie/data/datasets/Zhu2023_sc-islet_scRNA-seq/fastq/24Oct23/SRP374217/SRX15207311/SRR19140224.sra
2023-10-24 10:57:43,668 - CMD: fastq-dump -N 87196851 -X 93904300 -O /cellar/users/aklie/tmp/fastq-dump/pfd_w_c18qda/13 --split-files --gzip /cellar/users/aklie/data/datasets/Zhu2023_sc-islet_scRNA-seq/fastq/24Oct23/SRP374217/SRX15207311/SRR19140224.sra
2023-10-24 10:57:43,697 - CMD: fastq-dump -N 93904301 -X 100611750 -O /cellar/users/aklie/tmp/fastq-dump/pfd_w_c18qda/14 --split-files --gzip /cellar/users/aklie/data/datasets/Zhu2023_sc-islet_scRNA-seq/fastq/24Oct23/SRP374217/SRX15207311/SRR19140224.sra
2023-10-24 10:57:43,724 - CMD: fastq-dump -N 100611751 -X 107319200 -O /cellar/users/aklie/tmp/fastq-dump/pfd_w_c18qda/15 --split-files --gzip /cellar/users/aklie/data/datasets/Zhu2023_sc-islet_scRNA-seq/fastq/24Oct23/SRP374217/SRX15207311/SRR19140224.sra
2023-10-24 10:57:43,749 - CMD: fastq-dump -N 107319201 -X 114026650 -O /cellar/users/aklie/tmp/fastq-dump/pfd_w_c18qda/16 --split-files --gzip /cellar/users/aklie/data/datasets/Zhu2023_sc-islet_scRNA-seq/fastq/24Oct23/SRP374217/SRX15207311/SRR19140224.sra
2023-10-24 10:57:43,780 - CMD: fastq-dump -N 114026651 -X 120734100 -O /cellar/users/aklie/tmp/fastq-dump/pfd_w_c18qda/17 --split-files --gzip /cellar/users/aklie/data/datasets/Zhu2023_sc-islet_scRNA-seq/fastq/24Oct23/SRP374217/SRX15207311/SRR19140224.sra
2023-10-24 10:57:43,810 - CMD: fastq-dump -N 120734101 -X 127441550 -O /cellar/users/aklie/tmp/fastq-dump/pfd_w_c18qda/18 --split-files --gzip /cellar/users/aklie/data/datasets/Zhu2023_sc-islet_scRNA-seq/fastq/24Oct23/SRP374217/SRX15207311/SRR19140224.sra
2023-10-24 10:57:43,873 - CMD: fastq-dump -N 127441551 -X 134149000 -O /cellar/users/aklie/tmp/fastq-dump/pfd_w_c18qda/19 --split-files --gzip /cellar/users/aklie/data/datasets/Zhu2023_sc-islet_scRNA-seq/fastq/24Oct23/SRP374217/SRX15207311/SRR19140224.sra
2023-10-24 10:57:43,915 - CMD: fastq-dump -N 134149001 -X 140856450 -O /cellar/users/aklie/tmp/fastq-dump/pfd_w_c18qda/20 --split-files --gzip /cellar/users/aklie/data/datasets/Zhu2023_sc-islet_scRNA-seq/fastq/24Oct23/SRP374217/SRX15207311/SRR19140224.sra
2023-10-24 10:57:43,948 - CMD: fastq-dump -N 140856451 -X 147563900 -O /cellar/users/aklie/tmp/fastq-dump/pfd_w_c18qda/21 --split-files --gzip /cellar/users/aklie/data/datasets/Zhu2023_sc-islet_scRNA-seq/fastq/24Oct23/SRP374217/SRX15207311/SRR19140224.sra
2023-10-24 10:57:44,014 - CMD: fastq-dump -N 147563901 -X 154271350 -O /cellar/users/aklie/tmp/fastq-dump/pfd_w_c18qda/22 --split-files --gzip /cellar/users/aklie/data/datasets/Zhu2023_sc-islet_scRNA-seq/fastq/24Oct23/SRP374217/SRX15207311/SRR19140224.sra
2023-10-24 10:57:44,037 - CMD: fastq-dump -N 154271351 -X 160978800 -O /cellar/users/aklie/tmp/fastq-dump/pfd_w_c18qda/23 --split-files --gzip /cellar/users/aklie/data/datasets/Zhu2023_sc-islet_scRNA-seq/fastq/24Oct23/SRP374217/SRX15207311/SRR19140224.sra
2023-10-24 10:57:44,061 - CMD: fastq-dump -N 160978801 -X 167686250 -O /cellar/users/aklie/tmp/fastq-dump/pfd_w_c18qda/24 --split-files --gzip /cellar/users/aklie/data/datasets/Zhu2023_sc-islet_scRNA-seq/fastq/24Oct23/SRP374217/SRX15207311/SRR19140224.sra
2023-10-24 10:57:44,084 - CMD: fastq-dump -N 167686251 -X 174393700 -O /cellar/users/aklie/tmp/fastq-dump/pfd_w_c18qda/25 --split-files --gzip /cellar/users/aklie/data/datasets/Zhu2023_sc-islet_scRNA-seq/fastq/24Oct23/SRP374217/SRX15207311/SRR19140224.sra
2023-10-24 10:57:44,112 - CMD: fastq-dump -N 174393701 -X 181101150 -O /cellar/users/aklie/tmp/fastq-dump/pfd_w_c18qda/26 --split-files --gzip /cellar/users/aklie/data/datasets/Zhu2023_sc-islet_scRNA-seq/fastq/24Oct23/SRP374217/SRX15207311/SRR19140224.sra
2023-10-24 10:57:44,151 - CMD: fastq-dump -N 181101151 -X 187808600 -O /cellar/users/aklie/tmp/fastq-dump/pfd_w_c18qda/27 --split-files --gzip /cellar/users/aklie/data/datasets/Zhu2023_sc-islet_scRNA-seq/fastq/24Oct23/SRP374217/SRX15207311/SRR19140224.sra
2023-10-24 10:57:44,190 - CMD: fastq-dump -N 187808601 -X 194516050 -O /cellar/users/aklie/tmp/fastq-dump/pfd_w_c18qda/28 --split-files --gzip /cellar/users/aklie/data/datasets/Zhu2023_sc-islet_scRNA-seq/fastq/24Oct23/SRP374217/SRX15207311/SRR19140224.sra
2023-10-24 10:57:44,215 - CMD: fastq-dump -N 194516051 -X 201223500 -O /cellar/users/aklie/tmp/fastq-dump/pfd_w_c18qda/29 --split-files --gzip /cellar/users/aklie/data/datasets/Zhu2023_sc-islet_scRNA-seq/fastq/24Oct23/SRP374217/SRX15207311/SRR19140224.sra
2023-10-24 10:57:44,252 - CMD: fastq-dump -N 201223501 -X 207930950 -O /cellar/users/aklie/tmp/fastq-dump/pfd_w_c18qda/30 --split-files --gzip /cellar/users/aklie/data/datasets/Zhu2023_sc-islet_scRNA-seq/fastq/24Oct23/SRP374217/SRX15207311/SRR19140224.sra
2023-10-24 10:57:44,284 - CMD: fastq-dump -N 207930951 -X 214638400 -O /cellar/users/aklie/tmp/fastq-dump/pfd_w_c18qda/31 --split-files --gzip /cellar/users/aklie/data/datasets/Zhu2023_sc-islet_scRNA-seq/fastq/24Oct23/SRP374217/SRX15207311/SRR19140224.sra
2023-10-24 10:57:44,317 - CMD: fastq-dump -N 214638401 -X 221345850 -O /cellar/users/aklie/tmp/fastq-dump/pfd_w_c18qda/32 --split-files --gzip /cellar/users/aklie/data/datasets/Zhu2023_sc-islet_scRNA-seq/fastq/24Oct23/SRP374217/SRX15207311/SRR19140224.sra
2023-10-24 10:57:44,351 - CMD: fastq-dump -N 221345851 -X 228053300 -O /cellar/users/aklie/tmp/fastq-dump/pfd_w_c18qda/33 --split-files --gzip /cellar/users/aklie/data/datasets/Zhu2023_sc-islet_scRNA-seq/fastq/24Oct23/SRP374217/SRX15207311/SRR19140224.sra
2023-10-24 10:57:45,450 - CMD: fastq-dump -N 228053301 -X 234760750 -O /cellar/users/aklie/tmp/fastq-dump/pfd_w_c18qda/34 --split-files --gzip /cellar/users/aklie/data/datasets/Zhu2023_sc-islet_scRNA-seq/fastq/24Oct23/SRP374217/SRX15207311/SRR19140224.sra
2023-10-24 10:57:45,473 - CMD: fastq-dump -N 234760751 -X 241468200 -O /cellar/users/aklie/tmp/fastq-dump/pfd_w_c18qda/35 --split-files --gzip /cellar/users/aklie/data/datasets/Zhu2023_sc-islet_scRNA-seq/fastq/24Oct23/SRP374217/SRX15207311/SRR19140224.sra
2023-10-24 10:57:45,498 - CMD: fastq-dump -N 241468201 -X 248175650 -O /cellar/users/aklie/tmp/fastq-dump/pfd_w_c18qda/36 --split-files --gzip /cellar/users/aklie/data/datasets/Zhu2023_sc-islet_scRNA-seq/fastq/24Oct23/SRP374217/SRX15207311/SRR19140224.sra
2023-10-24 10:57:45,524 - CMD: fastq-dump -N 248175651 -X 254883100 -O /cellar/users/aklie/tmp/fastq-dump/pfd_w_c18qda/37 --split-files --gzip /cellar/users/aklie/data/datasets/Zhu2023_sc-islet_scRNA-seq/fastq/24Oct23/SRP374217/SRX15207311/SRR19140224.sra
2023-10-24 10:57:45,552 - CMD: fastq-dump -N 254883101 -X 261590550 -O /cellar/users/aklie/tmp/fastq-dump/pfd_w_c18qda/38 --split-files --gzip /cellar/users/aklie/data/datasets/Zhu2023_sc-islet_scRNA-seq/fastq/24Oct23/SRP374217/SRX15207311/SRR19140224.sra
2023-10-24 10:57:45,593 - CMD: fastq-dump -N 261590551 -X 268298000 -O /cellar/users/aklie/tmp/fastq-dump/pfd_w_c18qda/39 --split-files --gzip /cellar/users/aklie/data/datasets/Zhu2023_sc-islet_scRNA-seq/fastq/24Oct23/SRP374217/SRX15207311/SRR19140224.sra
2023-10-24 10:57:45,627 - CMD: fastq-dump -N 268298001 -X 275005450 -O /cellar/users/aklie/tmp/fastq-dump/pfd_w_c18qda/40 --split-files --gzip /cellar/users/aklie/data/datasets/Zhu2023_sc-islet_scRNA-seq/fastq/24Oct23/SRP374217/SRX15207311/SRR19140224.sra
2023-10-24 10:57:45,660 - CMD: fastq-dump -N 275005451 -X 281712900 -O /cellar/users/aklie/tmp/fastq-dump/pfd_w_c18qda/41 --split-files --gzip /cellar/users/aklie/data/datasets/Zhu2023_sc-islet_scRNA-seq/fastq/24Oct23/SRP374217/SRX15207311/SRR19140224.sra
2023-10-24 10:57:45,692 - CMD: fastq-dump -N 281712901 -X 288420350 -O /cellar/users/aklie/tmp/fastq-dump/pfd_w_c18qda/42 --split-files --gzip /cellar/users/aklie/data/datasets/Zhu2023_sc-islet_scRNA-seq/fastq/24Oct23/SRP374217/SRX15207311/SRR19140224.sra
2023-10-24 10:57:45,798 - CMD: fastq-dump -N 288420351 -X 295127800 -O /cellar/users/aklie/tmp/fastq-dump/pfd_w_c18qda/43 --split-files --gzip /cellar/users/aklie/data/datasets/Zhu2023_sc-islet_scRNA-seq/fastq/24Oct23/SRP374217/SRX15207311/SRR19140224.sra
2023-10-24 10:57:45,826 - CMD: fastq-dump -N 295127801 -X 301835250 -O /cellar/users/aklie/tmp/fastq-dump/pfd_w_c18qda/44 --split-files --gzip /cellar/users/aklie/data/datasets/Zhu2023_sc-islet_scRNA-seq/fastq/24Oct23/SRP374217/SRX15207311/SRR19140224.sra
2023-10-24 10:57:45,914 - CMD: fastq-dump -N 301835251 -X 308542700 -O /cellar/users/aklie/tmp/fastq-dump/pfd_w_c18qda/45 --split-files --gzip /cellar/users/aklie/data/datasets/Zhu2023_sc-islet_scRNA-seq/fastq/24Oct23/SRP374217/SRX15207311/SRR19140224.sra
2023-10-24 10:57:45,948 - CMD: fastq-dump -N 308542701 -X 315250150 -O /cellar/users/aklie/tmp/fastq-dump/pfd_w_c18qda/46 --split-files --gzip /cellar/users/aklie/data/datasets/Zhu2023_sc-islet_scRNA-seq/fastq/24Oct23/SRP374217/SRX15207311/SRR19140224.sra
2023-10-24 10:57:45,978 - CMD: fastq-dump -N 315250151 -X 321957600 -O /cellar/users/aklie/tmp/fastq-dump/pfd_w_c18qda/47 --split-files --gzip /cellar/users/aklie/data/datasets/Zhu2023_sc-islet_scRNA-seq/fastq/24Oct23/SRP374217/SRX15207311/SRR19140224.sra
2023-10-24 10:57:46,004 - CMD: fastq-dump -N 321957601 -X 328665050 -O /cellar/users/aklie/tmp/fastq-dump/pfd_w_c18qda/48 --split-files --gzip /cellar/users/aklie/data/datasets/Zhu2023_sc-islet_scRNA-seq/fastq/24Oct23/SRP374217/SRX15207311/SRR19140224.sra
2023-10-24 10:57:46,033 - CMD: fastq-dump -N 328665051 -X 335372500 -O /cellar/users/aklie/tmp/fastq-dump/pfd_w_c18qda/49 --split-files --gzip /cellar/users/aklie/data/datasets/Zhu2023_sc-islet_scRNA-seq/fastq/24Oct23/SRP374217/SRX15207311/SRR19140224.sra
2023-10-24 10:57:46,059 - CMD: fastq-dump -N 335372501 -X 342079950 -O /cellar/users/aklie/tmp/fastq-dump/pfd_w_c18qda/50 --split-files --gzip /cellar/users/aklie/data/datasets/Zhu2023_sc-islet_scRNA-seq/fastq/24Oct23/SRP374217/SRX15207311/SRR19140224.sra
2023-10-24 10:57:46,091 - CMD: fastq-dump -N 342079951 -X 348787400 -O /cellar/users/aklie/tmp/fastq-dump/pfd_w_c18qda/51 --split-files --gzip /cellar/users/aklie/data/datasets/Zhu2023_sc-islet_scRNA-seq/fastq/24Oct23/SRP374217/SRX15207311/SRR19140224.sra
2023-10-24 10:57:46,126 - CMD: fastq-dump -N 348787401 -X 355494850 -O /cellar/users/aklie/tmp/fastq-dump/pfd_w_c18qda/52 --split-files --gzip /cellar/users/aklie/data/datasets/Zhu2023_sc-islet_scRNA-seq/fastq/24Oct23/SRP374217/SRX15207311/SRR19140224.sra
2023-10-24 10:57:46,157 - CMD: fastq-dump -N 355494851 -X 362202300 -O /cellar/users/aklie/tmp/fastq-dump/pfd_w_c18qda/53 --split-files --gzip /cellar/users/aklie/data/datasets/Zhu2023_sc-islet_scRNA-seq/fastq/24Oct23/SRP374217/SRX15207311/SRR19140224.sra
2023-10-24 10:57:46,182 - CMD: fastq-dump -N 362202301 -X 368909750 -O /cellar/users/aklie/tmp/fastq-dump/pfd_w_c18qda/54 --split-files --gzip /cellar/users/aklie/data/datasets/Zhu2023_sc-islet_scRNA-seq/fastq/24Oct23/SRP374217/SRX15207311/SRR19140224.sra
2023-10-24 10:57:46,210 - CMD: fastq-dump -N 368909751 -X 375617200 -O /cellar/users/aklie/tmp/fastq-dump/pfd_w_c18qda/55 --split-files --gzip /cellar/users/aklie/data/datasets/Zhu2023_sc-islet_scRNA-seq/fastq/24Oct23/SRP374217/SRX15207311/SRR19140224.sra
2023-10-24 10:57:46,238 - CMD: fastq-dump -N 375617201 -X 382324650 -O /cellar/users/aklie/tmp/fastq-dump/pfd_w_c18qda/56 --split-files --gzip /cellar/users/aklie/data/datasets/Zhu2023_sc-islet_scRNA-seq/fastq/24Oct23/SRP374217/SRX15207311/SRR19140224.sra
2023-10-24 10:57:46,266 - CMD: fastq-dump -N 382324651 -X 389032100 -O /cellar/users/aklie/tmp/fastq-dump/pfd_w_c18qda/57 --split-files --gzip /cellar/users/aklie/data/datasets/Zhu2023_sc-islet_scRNA-seq/fastq/24Oct23/SRP374217/SRX15207311/SRR19140224.sra
2023-10-24 10:57:46,292 - CMD: fastq-dump -N 389032101 -X 395739550 -O /cellar/users/aklie/tmp/fastq-dump/pfd_w_c18qda/58 --split-files --gzip /cellar/users/aklie/data/datasets/Zhu2023_sc-islet_scRNA-seq/fastq/24Oct23/SRP374217/SRX15207311/SRR19140224.sra
2023-10-24 10:57:46,324 - CMD: fastq-dump -N 395739551 -X 402447000 -O /cellar/users/aklie/tmp/fastq-dump/pfd_w_c18qda/59 --split-files --gzip /cellar/users/aklie/data/datasets/Zhu2023_sc-islet_scRNA-seq/fastq/24Oct23/SRP374217/SRX15207311/SRR19140224.sra
2023-10-24 10:57:46,349 - CMD: fastq-dump -N 402447001 -X 409154450 -O /cellar/users/aklie/tmp/fastq-dump/pfd_w_c18qda/60 --split-files --gzip /cellar/users/aklie/data/datasets/Zhu2023_sc-islet_scRNA-seq/fastq/24Oct23/SRP374217/SRX15207311/SRR19140224.sra
2023-10-24 10:57:46,375 - CMD: fastq-dump -N 409154451 -X 415861900 -O /cellar/users/aklie/tmp/fastq-dump/pfd_w_c18qda/61 --split-files --gzip /cellar/users/aklie/data/datasets/Zhu2023_sc-islet_scRNA-seq/fastq/24Oct23/SRP374217/SRX15207311/SRR19140224.sra
2023-10-24 10:57:46,401 - CMD: fastq-dump -N 415861901 -X 422569350 -O /cellar/users/aklie/tmp/fastq-dump/pfd_w_c18qda/62 --split-files --gzip /cellar/users/aklie/data/datasets/Zhu2023_sc-islet_scRNA-seq/fastq/24Oct23/SRP374217/SRX15207311/SRR19140224.sra
2023-10-24 10:57:46,422 - CMD: fastq-dump -N 422569351 -X 429276850 -O /cellar/users/aklie/tmp/fastq-dump/pfd_w_c18qda/63 --split-files --gzip /cellar/users/aklie/data/datasets/Zhu2023_sc-islet_scRNA-seq/fastq/24Oct23/SRP374217/SRX15207311/SRR19140224.sra
2023-10-24 11:16:45,427 - SRR ids: ['/cellar/users/aklie/data/datasets/Zhu2023_sc-islet_scRNA-seq/fastq/24Oct23/SRP374217/SRX15207313/SRR19140222.sra']
2023-10-24 11:16:45,516 - extra args: ['--split-files', '--gzip']
2023-10-24 11:16:45,520 - tempdir: /cellar/users/aklie/tmp/fastq-dump/pfd_zyd0p3uv
2023-10-24 11:16:45,520 - CMD: sra-stat --meta --quick /cellar/users/aklie/data/datasets/Zhu2023_sc-islet_scRNA-seq/fastq/24Oct23/SRP374217/SRX15207313/SRR19140222.sra
2023-10-24 11:16:47,149 - /cellar/users/aklie/data/datasets/Zhu2023_sc-islet_scRNA-seq/fastq/24Oct23/SRP374217/SRX15207313/SRR19140222.sra spots: 515273491
2023-10-24 11:16:47,150 - blocks: [[1, 8051148], [8051149, 16102296], [16102297, 24153444], [24153445, 32204592], [32204593, 40255740], [40255741, 48306888], [48306889, 56358036], [56358037, 64409184], [64409185, 72460332], [72460333, 80511480], [80511481, 88562628], [88562629, 96613776], [96613777, 104664924], [104664925, 112716072], [112716073, 120767220], [120767221, 128818368], [128818369, 136869516], [136869517, 144920664], [144920665, 152971812], [152971813, 161022960], [161022961, 169074108], [169074109, 177125256], [177125257, 185176404], [185176405, 193227552], [193227553, 201278700], [201278701, 209329848], [209329849, 217380996], [217380997, 225432144], [225432145, 233483292], [233483293, 241534440], [241534441, 249585588], [249585589, 257636736], [257636737, 265687884], [265687885, 273739032], [273739033, 281790180], [281790181, 289841328], [289841329, 297892476], [297892477, 305943624], [305943625, 313994772], [313994773, 322045920], [322045921, 330097068], [330097069, 338148216], [338148217, 346199364], [346199365, 354250512], [354250513, 362301660], [362301661, 370352808], [370352809, 378403956], [378403957, 386455104], [386455105, 394506252], [394506253, 402557400], [402557401, 410608548], [410608549, 418659696], [418659697, 426710844], [426710845, 434761992], [434761993, 442813140], [442813141, 450864288], [450864289, 458915436], [458915437, 466966584], [466966585, 475017732], [475017733, 483068880], [483068881, 491120028], [491120029, 499171176], [499171177, 507222324], [507222325, 515273491]]
2023-10-24 11:16:47,152 - CMD: fastq-dump -N 1 -X 8051148 -O /cellar/users/aklie/tmp/fastq-dump/pfd_zyd0p3uv/0 --split-files --gzip /cellar/users/aklie/data/datasets/Zhu2023_sc-islet_scRNA-seq/fastq/24Oct23/SRP374217/SRX15207313/SRR19140222.sra
2023-10-24 11:16:47,232 - CMD: fastq-dump -N 8051149 -X 16102296 -O /cellar/users/aklie/tmp/fastq-dump/pfd_zyd0p3uv/1 --split-files --gzip /cellar/users/aklie/data/datasets/Zhu2023_sc-islet_scRNA-seq/fastq/24Oct23/SRP374217/SRX15207313/SRR19140222.sra
2023-10-24 11:16:47,255 - CMD: fastq-dump -N 16102297 -X 24153444 -O /cellar/users/aklie/tmp/fastq-dump/pfd_zyd0p3uv/2 --split-files --gzip /cellar/users/aklie/data/datasets/Zhu2023_sc-islet_scRNA-seq/fastq/24Oct23/SRP374217/SRX15207313/SRR19140222.sra
2023-10-24 11:16:47,275 - CMD: fastq-dump -N 24153445 -X 32204592 -O /cellar/users/aklie/tmp/fastq-dump/pfd_zyd0p3uv/3 --split-files --gzip /cellar/users/aklie/data/datasets/Zhu2023_sc-islet_scRNA-seq/fastq/24Oct23/SRP374217/SRX15207313/SRR19140222.sra
2023-10-24 11:16:47,297 - CMD: fastq-dump -N 32204593 -X 40255740 -O /cellar/users/aklie/tmp/fastq-dump/pfd_zyd0p3uv/4 --split-files --gzip /cellar/users/aklie/data/datasets/Zhu2023_sc-islet_scRNA-seq/fastq/24Oct23/SRP374217/SRX15207313/SRR19140222.sra
2023-10-24 11:16:47,315 - CMD: fastq-dump -N 40255741 -X 48306888 -O /cellar/users/aklie/tmp/fastq-dump/pfd_zyd0p3uv/5 --split-files --gzip /cellar/users/aklie/data/datasets/Zhu2023_sc-islet_scRNA-seq/fastq/24Oct23/SRP374217/SRX15207313/SRR19140222.sra
2023-10-24 11:16:47,416 - CMD: fastq-dump -N 48306889 -X 56358036 -O /cellar/users/aklie/tmp/fastq-dump/pfd_zyd0p3uv/6 --split-files --gzip /cellar/users/aklie/data/datasets/Zhu2023_sc-islet_scRNA-seq/fastq/24Oct23/SRP374217/SRX15207313/SRR19140222.sra
2023-10-24 11:16:47,888 - CMD: fastq-dump -N 56358037 -X 64409184 -O /cellar/users/aklie/tmp/fastq-dump/pfd_zyd0p3uv/7 --split-files --gzip /cellar/users/aklie/data/datasets/Zhu2023_sc-islet_scRNA-seq/fastq/24Oct23/SRP374217/SRX15207313/SRR19140222.sra
2023-10-24 11:16:48,076 - CMD: fastq-dump -N 64409185 -X 72460332 -O /cellar/users/aklie/tmp/fastq-dump/pfd_zyd0p3uv/8 --split-files --gzip /cellar/users/aklie/data/datasets/Zhu2023_sc-islet_scRNA-seq/fastq/24Oct23/SRP374217/SRX15207313/SRR19140222.sra
2023-10-24 11:16:48,510 - CMD: fastq-dump -N 72460333 -X 80511480 -O /cellar/users/aklie/tmp/fastq-dump/pfd_zyd0p3uv/9 --split-files --gzip /cellar/users/aklie/data/datasets/Zhu2023_sc-islet_scRNA-seq/fastq/24Oct23/SRP374217/SRX15207313/SRR19140222.sra
2023-10-24 11:16:48,588 - CMD: fastq-dump -N 80511481 -X 88562628 -O /cellar/users/aklie/tmp/fastq-dump/pfd_zyd0p3uv/10 --split-files --gzip /cellar/users/aklie/data/datasets/Zhu2023_sc-islet_scRNA-seq/fastq/24Oct23/SRP374217/SRX15207313/SRR19140222.sra
2023-10-24 11:16:48,622 - CMD: fastq-dump -N 88562629 -X 96613776 -O /cellar/users/aklie/tmp/fastq-dump/pfd_zyd0p3uv/11 --split-files --gzip /cellar/users/aklie/data/datasets/Zhu2023_sc-islet_scRNA-seq/fastq/24Oct23/SRP374217/SRX15207313/SRR19140222.sra
2023-10-24 11:16:48,747 - CMD: fastq-dump -N 96613777 -X 104664924 -O /cellar/users/aklie/tmp/fastq-dump/pfd_zyd0p3uv/12 --split-files --gzip /cellar/users/aklie/data/datasets/Zhu2023_sc-islet_scRNA-seq/fastq/24Oct23/SRP374217/SRX15207313/SRR19140222.sra
2023-10-24 11:16:49,307 - CMD: fastq-dump -N 104664925 -X 112716072 -O /cellar/users/aklie/tmp/fastq-dump/pfd_zyd0p3uv/13 --split-files --gzip /cellar/users/aklie/data/datasets/Zhu2023_sc-islet_scRNA-seq/fastq/24Oct23/SRP374217/SRX15207313/SRR19140222.sra
2023-10-24 11:16:49,383 - CMD: fastq-dump -N 112716073 -X 120767220 -O /cellar/users/aklie/tmp/fastq-dump/pfd_zyd0p3uv/14 --split-files --gzip /cellar/users/aklie/data/datasets/Zhu2023_sc-islet_scRNA-seq/fastq/24Oct23/SRP374217/SRX15207313/SRR19140222.sra
2023-10-24 11:16:49,433 - CMD: fastq-dump -N 120767221 -X 128818368 -O /cellar/users/aklie/tmp/fastq-dump/pfd_zyd0p3uv/15 --split-files --gzip /cellar/users/aklie/data/datasets/Zhu2023_sc-islet_scRNA-seq/fastq/24Oct23/SRP374217/SRX15207313/SRR19140222.sra
2023-10-24 11:16:49,611 - CMD: fastq-dump -N 128818369 -X 136869516 -O /cellar/users/aklie/tmp/fastq-dump/pfd_zyd0p3uv/16 --split-files --gzip /cellar/users/aklie/data/datasets/Zhu2023_sc-islet_scRNA-seq/fastq/24Oct23/SRP374217/SRX15207313/SRR19140222.sra
2023-10-24 11:16:49,634 - CMD: fastq-dump -N 136869517 -X 144920664 -O /cellar/users/aklie/tmp/fastq-dump/pfd_zyd0p3uv/17 --split-files --gzip /cellar/users/aklie/data/datasets/Zhu2023_sc-islet_scRNA-seq/fastq/24Oct23/SRP374217/SRX15207313/SRR19140222.sra
2023-10-24 11:16:49,654 - CMD: fastq-dump -N 144920665 -X 152971812 -O /cellar/users/aklie/tmp/fastq-dump/pfd_zyd0p3uv/18 --split-files --gzip /cellar/users/aklie/data/datasets/Zhu2023_sc-islet_scRNA-seq/fastq/24Oct23/SRP374217/SRX15207313/SRR19140222.sra
2023-10-24 11:16:49,677 - CMD: fastq-dump -N 152971813 -X 161022960 -O /cellar/users/aklie/tmp/fastq-dump/pfd_zyd0p3uv/19 --split-files --gzip /cellar/users/aklie/data/datasets/Zhu2023_sc-islet_scRNA-seq/fastq/24Oct23/SRP374217/SRX15207313/SRR19140222.sra
2023-10-24 11:16:49,695 - CMD: fastq-dump -N 161022961 -X 169074108 -O /cellar/users/aklie/tmp/fastq-dump/pfd_zyd0p3uv/20 --split-files --gzip /cellar/users/aklie/data/datasets/Zhu2023_sc-islet_scRNA-seq/fastq/24Oct23/SRP374217/SRX15207313/SRR19140222.sra
2023-10-24 11:16:49,715 - CMD: fastq-dump -N 169074109 -X 177125256 -O /cellar/users/aklie/tmp/fastq-dump/pfd_zyd0p3uv/21 --split-files --gzip /cellar/users/aklie/data/datasets/Zhu2023_sc-islet_scRNA-seq/fastq/24Oct23/SRP374217/SRX15207313/SRR19140222.sra
2023-10-24 11:16:49,736 - CMD: fastq-dump -N 177125257 -X 185176404 -O /cellar/users/aklie/tmp/fastq-dump/pfd_zyd0p3uv/22 --split-files --gzip /cellar/users/aklie/data/datasets/Zhu2023_sc-islet_scRNA-seq/fastq/24Oct23/SRP374217/SRX15207313/SRR19140222.sra
2023-10-24 11:16:49,762 - CMD: fastq-dump -N 185176405 -X 193227552 -O /cellar/users/aklie/tmp/fastq-dump/pfd_zyd0p3uv/23 --split-files --gzip /cellar/users/aklie/data/datasets/Zhu2023_sc-islet_scRNA-seq/fastq/24Oct23/SRP374217/SRX15207313/SRR19140222.sra
2023-10-24 11:16:49,791 - CMD: fastq-dump -N 193227553 -X 201278700 -O /cellar/users/aklie/tmp/fastq-dump/pfd_zyd0p3uv/24 --split-files --gzip /cellar/users/aklie/data/datasets/Zhu2023_sc-islet_scRNA-seq/fastq/24Oct23/SRP374217/SRX15207313/SRR19140222.sra
2023-10-24 11:16:49,817 - CMD: fastq-dump -N 201278701 -X 209329848 -O /cellar/users/aklie/tmp/fastq-dump/pfd_zyd0p3uv/25 --split-files --gzip /cellar/users/aklie/data/datasets/Zhu2023_sc-islet_scRNA-seq/fastq/24Oct23/SRP374217/SRX15207313/SRR19140222.sra
2023-10-24 11:16:49,838 - CMD: fastq-dump -N 209329849 -X 217380996 -O /cellar/users/aklie/tmp/fastq-dump/pfd_zyd0p3uv/26 --split-files --gzip /cellar/users/aklie/data/datasets/Zhu2023_sc-islet_scRNA-seq/fastq/24Oct23/SRP374217/SRX15207313/SRR19140222.sra
2023-10-24 11:16:49,860 - CMD: fastq-dump -N 217380997 -X 225432144 -O /cellar/users/aklie/tmp/fastq-dump/pfd_zyd0p3uv/27 --split-files --gzip /cellar/users/aklie/data/datasets/Zhu2023_sc-islet_scRNA-seq/fastq/24Oct23/SRP374217/SRX15207313/SRR19140222.sra
2023-10-24 11:16:49,884 - CMD: fastq-dump -N 225432145 -X 233483292 -O /cellar/users/aklie/tmp/fastq-dump/pfd_zyd0p3uv/28 --split-files --gzip /cellar/users/aklie/data/datasets/Zhu2023_sc-islet_scRNA-seq/fastq/24Oct23/SRP374217/SRX15207313/SRR19140222.sra
2023-10-24 11:16:49,902 - CMD: fastq-dump -N 233483293 -X 241534440 -O /cellar/users/aklie/tmp/fastq-dump/pfd_zyd0p3uv/29 --split-files --gzip /cellar/users/aklie/data/datasets/Zhu2023_sc-islet_scRNA-seq/fastq/24Oct23/SRP374217/SRX15207313/SRR19140222.sra
2023-10-24 11:16:50,068 - CMD: fastq-dump -N 241534441 -X 249585588 -O /cellar/users/aklie/tmp/fastq-dump/pfd_zyd0p3uv/30 --split-files --gzip /cellar/users/aklie/data/datasets/Zhu2023_sc-islet_scRNA-seq/fastq/24Oct23/SRP374217/SRX15207313/SRR19140222.sra
2023-10-24 11:16:50,100 - CMD: fastq-dump -N 249585589 -X 257636736 -O /cellar/users/aklie/tmp/fastq-dump/pfd_zyd0p3uv/31 --split-files --gzip /cellar/users/aklie/data/datasets/Zhu2023_sc-islet_scRNA-seq/fastq/24Oct23/SRP374217/SRX15207313/SRR19140222.sra
2023-10-24 11:16:50,127 - CMD: fastq-dump -N 257636737 -X 265687884 -O /cellar/users/aklie/tmp/fastq-dump/pfd_zyd0p3uv/32 --split-files --gzip /cellar/users/aklie/data/datasets/Zhu2023_sc-islet_scRNA-seq/fastq/24Oct23/SRP374217/SRX15207313/SRR19140222.sra
2023-10-24 11:16:50,156 - CMD: fastq-dump -N 265687885 -X 273739032 -O /cellar/users/aklie/tmp/fastq-dump/pfd_zyd0p3uv/33 --split-files --gzip /cellar/users/aklie/data/datasets/Zhu2023_sc-islet_scRNA-seq/fastq/24Oct23/SRP374217/SRX15207313/SRR19140222.sra
2023-10-24 11:16:51,215 - CMD: fastq-dump -N 273739033 -X 281790180 -O /cellar/users/aklie/tmp/fastq-dump/pfd_zyd0p3uv/34 --split-files --gzip /cellar/users/aklie/data/datasets/Zhu2023_sc-islet_scRNA-seq/fastq/24Oct23/SRP374217/SRX15207313/SRR19140222.sra
2023-10-24 11:16:51,257 - CMD: fastq-dump -N 281790181 -X 289841328 -O /cellar/users/aklie/tmp/fastq-dump/pfd_zyd0p3uv/35 --split-files --gzip /cellar/users/aklie/data/datasets/Zhu2023_sc-islet_scRNA-seq/fastq/24Oct23/SRP374217/SRX15207313/SRR19140222.sra
2023-10-24 11:16:51,280 - CMD: fastq-dump -N 289841329 -X 297892476 -O /cellar/users/aklie/tmp/fastq-dump/pfd_zyd0p3uv/36 --split-files --gzip /cellar/users/aklie/data/datasets/Zhu2023_sc-islet_scRNA-seq/fastq/24Oct23/SRP374217/SRX15207313/SRR19140222.sra
2023-10-24 11:16:51,304 - CMD: fastq-dump -N 297892477 -X 305943624 -O /cellar/users/aklie/tmp/fastq-dump/pfd_zyd0p3uv/37 --split-files --gzip /cellar/users/aklie/data/datasets/Zhu2023_sc-islet_scRNA-seq/fastq/24Oct23/SRP374217/SRX15207313/SRR19140222.sra
2023-10-24 11:16:51,337 - CMD: fastq-dump -N 305943625 -X 313994772 -O /cellar/users/aklie/tmp/fastq-dump/pfd_zyd0p3uv/38 --split-files --gzip /cellar/users/aklie/data/datasets/Zhu2023_sc-islet_scRNA-seq/fastq/24Oct23/SRP374217/SRX15207313/SRR19140222.sra
2023-10-24 11:16:51,362 - CMD: fastq-dump -N 313994773 -X 322045920 -O /cellar/users/aklie/tmp/fastq-dump/pfd_zyd0p3uv/39 --split-files --gzip /cellar/users/aklie/data/datasets/Zhu2023_sc-islet_scRNA-seq/fastq/24Oct23/SRP374217/SRX15207313/SRR19140222.sra
2023-10-24 11:16:51,383 - CMD: fastq-dump -N 322045921 -X 330097068 -O /cellar/users/aklie/tmp/fastq-dump/pfd_zyd0p3uv/40 --split-files --gzip /cellar/users/aklie/data/datasets/Zhu2023_sc-islet_scRNA-seq/fastq/24Oct23/SRP374217/SRX15207313/SRR19140222.sra
2023-10-24 11:16:51,400 - CMD: fastq-dump -N 330097069 -X 338148216 -O /cellar/users/aklie/tmp/fastq-dump/pfd_zyd0p3uv/41 --split-files --gzip /cellar/users/aklie/data/datasets/Zhu2023_sc-islet_scRNA-seq/fastq/24Oct23/SRP374217/SRX15207313/SRR19140222.sra
2023-10-24 11:16:51,417 - CMD: fastq-dump -N 338148217 -X 346199364 -O /cellar/users/aklie/tmp/fastq-dump/pfd_zyd0p3uv/42 --split-files --gzip /cellar/users/aklie/data/datasets/Zhu2023_sc-islet_scRNA-seq/fastq/24Oct23/SRP374217/SRX15207313/SRR19140222.sra
2023-10-24 11:16:51,435 - CMD: fastq-dump -N 346199365 -X 354250512 -O /cellar/users/aklie/tmp/fastq-dump/pfd_zyd0p3uv/43 --split-files --gzip /cellar/users/aklie/data/datasets/Zhu2023_sc-islet_scRNA-seq/fastq/24Oct23/SRP374217/SRX15207313/SRR19140222.sra
2023-10-24 11:16:51,455 - CMD: fastq-dump -N 354250513 -X 362301660 -O /cellar/users/aklie/tmp/fastq-dump/pfd_zyd0p3uv/44 --split-files --gzip /cellar/users/aklie/data/datasets/Zhu2023_sc-islet_scRNA-seq/fastq/24Oct23/SRP374217/SRX15207313/SRR19140222.sra
2023-10-24 11:16:51,477 - CMD: fastq-dump -N 362301661 -X 370352808 -O /cellar/users/aklie/tmp/fastq-dump/pfd_zyd0p3uv/45 --split-files --gzip /cellar/users/aklie/data/datasets/Zhu2023_sc-islet_scRNA-seq/fastq/24Oct23/SRP374217/SRX15207313/SRR19140222.sra
2023-10-24 11:16:51,507 - CMD: fastq-dump -N 370352809 -X 378403956 -O /cellar/users/aklie/tmp/fastq-dump/pfd_zyd0p3uv/46 --split-files --gzip /cellar/users/aklie/data/datasets/Zhu2023_sc-islet_scRNA-seq/fastq/24Oct23/SRP374217/SRX15207313/SRR19140222.sra
2023-10-24 11:16:51,536 - CMD: fastq-dump -N 378403957 -X 386455104 -O /cellar/users/aklie/tmp/fastq-dump/pfd_zyd0p3uv/47 --split-files --gzip /cellar/users/aklie/data/datasets/Zhu2023_sc-islet_scRNA-seq/fastq/24Oct23/SRP374217/SRX15207313/SRR19140222.sra
2023-10-24 11:16:51,569 - CMD: fastq-dump -N 386455105 -X 394506252 -O /cellar/users/aklie/tmp/fastq-dump/pfd_zyd0p3uv/48 --split-files --gzip /cellar/users/aklie/data/datasets/Zhu2023_sc-islet_scRNA-seq/fastq/24Oct23/SRP374217/SRX15207313/SRR19140222.sra
2023-10-24 11:16:51,601 - CMD: fastq-dump -N 394506253 -X 402557400 -O /cellar/users/aklie/tmp/fastq-dump/pfd_zyd0p3uv/49 --split-files --gzip /cellar/users/aklie/data/datasets/Zhu2023_sc-islet_scRNA-seq/fastq/24Oct23/SRP374217/SRX15207313/SRR19140222.sra
2023-10-24 11:16:51,634 - CMD: fastq-dump -N 402557401 -X 410608548 -O /cellar/users/aklie/tmp/fastq-dump/pfd_zyd0p3uv/50 --split-files --gzip /cellar/users/aklie/data/datasets/Zhu2023_sc-islet_scRNA-seq/fastq/24Oct23/SRP374217/SRX15207313/SRR19140222.sra
2023-10-24 11:16:51,673 - CMD: fastq-dump -N 410608549 -X 418659696 -O /cellar/users/aklie/tmp/fastq-dump/pfd_zyd0p3uv/51 --split-files --gzip /cellar/users/aklie/data/datasets/Zhu2023_sc-islet_scRNA-seq/fastq/24Oct23/SRP374217/SRX15207313/SRR19140222.sra
2023-10-24 11:16:51,710 - CMD: fastq-dump -N 418659697 -X 426710844 -O /cellar/users/aklie/tmp/fastq-dump/pfd_zyd0p3uv/52 --split-files --gzip /cellar/users/aklie/data/datasets/Zhu2023_sc-islet_scRNA-seq/fastq/24Oct23/SRP374217/SRX15207313/SRR19140222.sra
2023-10-24 11:16:51,731 - CMD: fastq-dump -N 426710845 -X 434761992 -O /cellar/users/aklie/tmp/fastq-dump/pfd_zyd0p3uv/53 --split-files --gzip /cellar/users/aklie/data/datasets/Zhu2023_sc-islet_scRNA-seq/fastq/24Oct23/SRP374217/SRX15207313/SRR19140222.sra
2023-10-24 11:16:51,759 - CMD: fastq-dump -N 434761993 -X 442813140 -O /cellar/users/aklie/tmp/fastq-dump/pfd_zyd0p3uv/54 --split-files --gzip /cellar/users/aklie/data/datasets/Zhu2023_sc-islet_scRNA-seq/fastq/24Oct23/SRP374217/SRX15207313/SRR19140222.sra
2023-10-24 11:16:51,785 - CMD: fastq-dump -N 442813141 -X 450864288 -O /cellar/users/aklie/tmp/fastq-dump/pfd_zyd0p3uv/55 --split-files --gzip /cellar/users/aklie/data/datasets/Zhu2023_sc-islet_scRNA-seq/fastq/24Oct23/SRP374217/SRX15207313/SRR19140222.sra
2023-10-24 11:16:51,810 - CMD: fastq-dump -N 450864289 -X 458915436 -O /cellar/users/aklie/tmp/fastq-dump/pfd_zyd0p3uv/56 --split-files --gzip /cellar/users/aklie/data/datasets/Zhu2023_sc-islet_scRNA-seq/fastq/24Oct23/SRP374217/SRX15207313/SRR19140222.sra
2023-10-24 11:16:51,829 - CMD: fastq-dump -N 458915437 -X 466966584 -O /cellar/users/aklie/tmp/fastq-dump/pfd_zyd0p3uv/57 --split-files --gzip /cellar/users/aklie/data/datasets/Zhu2023_sc-islet_scRNA-seq/fastq/24Oct23/SRP374217/SRX15207313/SRR19140222.sra
2023-10-24 11:16:51,848 - CMD: fastq-dump -N 466966585 -X 475017732 -O /cellar/users/aklie/tmp/fastq-dump/pfd_zyd0p3uv/58 --split-files --gzip /cellar/users/aklie/data/datasets/Zhu2023_sc-islet_scRNA-seq/fastq/24Oct23/SRP374217/SRX15207313/SRR19140222.sra
2023-10-24 11:16:51,867 - CMD: fastq-dump -N 475017733 -X 483068880 -O /cellar/users/aklie/tmp/fastq-dump/pfd_zyd0p3uv/59 --split-files --gzip /cellar/users/aklie/data/datasets/Zhu2023_sc-islet_scRNA-seq/fastq/24Oct23/SRP374217/SRX15207313/SRR19140222.sra
2023-10-24 11:16:51,886 - CMD: fastq-dump -N 483068881 -X 491120028 -O /cellar/users/aklie/tmp/fastq-dump/pfd_zyd0p3uv/60 --split-files --gzip /cellar/users/aklie/data/datasets/Zhu2023_sc-islet_scRNA-seq/fastq/24Oct23/SRP374217/SRX15207313/SRR19140222.sra
2023-10-24 11:16:51,904 - CMD: fastq-dump -N 491120029 -X 499171176 -O /cellar/users/aklie/tmp/fastq-dump/pfd_zyd0p3uv/61 --split-files --gzip /cellar/users/aklie/data/datasets/Zhu2023_sc-islet_scRNA-seq/fastq/24Oct23/SRP374217/SRX15207313/SRR19140222.sra
2023-10-24 11:16:51,926 - CMD: fastq-dump -N 499171177 -X 507222324 -O /cellar/users/aklie/tmp/fastq-dump/pfd_zyd0p3uv/62 --split-files --gzip /cellar/users/aklie/data/datasets/Zhu2023_sc-islet_scRNA-seq/fastq/24Oct23/SRP374217/SRX15207313/SRR19140222.sra
2023-10-24 11:16:51,946 - CMD: fastq-dump -N 507222325 -X 515273491 -O /cellar/users/aklie/tmp/fastq-dump/pfd_zyd0p3uv/63 --split-files --gzip /cellar/users/aklie/data/datasets/Zhu2023_sc-islet_scRNA-seq/fastq/24Oct23/SRP374217/SRX15207313/SRR19140222.sra
2023-10-24 11:29:58,376 - SRR ids: ['/cellar/users/aklie/data/datasets/Zhu2023_sc-islet_scRNA-seq/fastq/24Oct23/SRP374217/SRX15207309/SRR19140226.sra']
2023-10-24 11:29:58,388 - extra args: ['--split-files', '--gzip']
2023-10-24 11:29:58,391 - tempdir: /cellar/users/aklie/tmp/fastq-dump/pfd_nzyoj103
2023-10-24 11:29:58,392 - CMD: sra-stat --meta --quick /cellar/users/aklie/data/datasets/Zhu2023_sc-islet_scRNA-seq/fastq/24Oct23/SRP374217/SRX15207309/SRR19140226.sra
2023-10-24 11:29:59,371 - /cellar/users/aklie/data/datasets/Zhu2023_sc-islet_scRNA-seq/fastq/24Oct23/SRP374217/SRX15207309/SRR19140226.sra spots: 700803322
2023-10-24 11:29:59,372 - blocks: [[1, 10950051], [10950052, 21900102], [21900103, 32850153], [32850154, 43800204], [43800205, 54750255], [54750256, 65700306], [65700307, 76650357], [76650358, 87600408], [87600409, 98550459], [98550460, 109500510], [109500511, 120450561], [120450562, 131400612], [131400613, 142350663], [142350664, 153300714], [153300715, 164250765], [164250766, 175200816], [175200817, 186150867], [186150868, 197100918], [197100919, 208050969], [208050970, 219001020], [219001021, 229951071], [229951072, 240901122], [240901123, 251851173], [251851174, 262801224], [262801225, 273751275], [273751276, 284701326], [284701327, 295651377], [295651378, 306601428], [306601429, 317551479], [317551480, 328501530], [328501531, 339451581], [339451582, 350401632], [350401633, 361351683], [361351684, 372301734], [372301735, 383251785], [383251786, 394201836], [394201837, 405151887], [405151888, 416101938], [416101939, 427051989], [427051990, 438002040], [438002041, 448952091], [448952092, 459902142], [459902143, 470852193], [470852194, 481802244], [481802245, 492752295], [492752296, 503702346], [503702347, 514652397], [514652398, 525602448], [525602449, 536552499], [536552500, 547502550], [547502551, 558452601], [558452602, 569402652], [569402653, 580352703], [580352704, 591302754], [591302755, 602252805], [602252806, 613202856], [613202857, 624152907], [624152908, 635102958], [635102959, 646053009], [646053010, 657003060], [657003061, 667953111], [667953112, 678903162], [678903163, 689853213], [689853214, 700803322]]
2023-10-24 11:29:59,373 - CMD: fastq-dump -N 1 -X 10950051 -O /cellar/users/aklie/tmp/fastq-dump/pfd_nzyoj103/0 --split-files --gzip /cellar/users/aklie/data/datasets/Zhu2023_sc-islet_scRNA-seq/fastq/24Oct23/SRP374217/SRX15207309/SRR19140226.sra
2023-10-24 11:29:59,402 - CMD: fastq-dump -N 10950052 -X 21900102 -O /cellar/users/aklie/tmp/fastq-dump/pfd_nzyoj103/1 --split-files --gzip /cellar/users/aklie/data/datasets/Zhu2023_sc-islet_scRNA-seq/fastq/24Oct23/SRP374217/SRX15207309/SRR19140226.sra
2023-10-24 11:29:59,435 - CMD: fastq-dump -N 21900103 -X 32850153 -O /cellar/users/aklie/tmp/fastq-dump/pfd_nzyoj103/2 --split-files --gzip /cellar/users/aklie/data/datasets/Zhu2023_sc-islet_scRNA-seq/fastq/24Oct23/SRP374217/SRX15207309/SRR19140226.sra
2023-10-24 11:29:59,455 - CMD: fastq-dump -N 32850154 -X 43800204 -O /cellar/users/aklie/tmp/fastq-dump/pfd_nzyoj103/3 --split-files --gzip /cellar/users/aklie/data/datasets/Zhu2023_sc-islet_scRNA-seq/fastq/24Oct23/SRP374217/SRX15207309/SRR19140226.sra
2023-10-24 11:29:59,477 - CMD: fastq-dump -N 43800205 -X 54750255 -O /cellar/users/aklie/tmp/fastq-dump/pfd_nzyoj103/4 --split-files --gzip /cellar/users/aklie/data/datasets/Zhu2023_sc-islet_scRNA-seq/fastq/24Oct23/SRP374217/SRX15207309/SRR19140226.sra
2023-10-24 11:29:59,579 - CMD: fastq-dump -N 54750256 -X 65700306 -O /cellar/users/aklie/tmp/fastq-dump/pfd_nzyoj103/5 --split-files --gzip /cellar/users/aklie/data/datasets/Zhu2023_sc-islet_scRNA-seq/fastq/24Oct23/SRP374217/SRX15207309/SRR19140226.sra
2023-10-24 11:29:59,606 - CMD: fastq-dump -N 65700307 -X 76650357 -O /cellar/users/aklie/tmp/fastq-dump/pfd_nzyoj103/6 --split-files --gzip /cellar/users/aklie/data/datasets/Zhu2023_sc-islet_scRNA-seq/fastq/24Oct23/SRP374217/SRX15207309/SRR19140226.sra
2023-10-24 11:29:59,639 - CMD: fastq-dump -N 76650358 -X 87600408 -O /cellar/users/aklie/tmp/fastq-dump/pfd_nzyoj103/7 --split-files --gzip /cellar/users/aklie/data/datasets/Zhu2023_sc-islet_scRNA-seq/fastq/24Oct23/SRP374217/SRX15207309/SRR19140226.sra
2023-10-24 11:29:59,785 - CMD: fastq-dump -N 87600409 -X 98550459 -O /cellar/users/aklie/tmp/fastq-dump/pfd_nzyoj103/8 --split-files --gzip /cellar/users/aklie/data/datasets/Zhu2023_sc-islet_scRNA-seq/fastq/24Oct23/SRP374217/SRX15207309/SRR19140226.sra
2023-10-24 11:29:59,824 - CMD: fastq-dump -N 98550460 -X 109500510 -O /cellar/users/aklie/tmp/fastq-dump/pfd_nzyoj103/9 --split-files --gzip /cellar/users/aklie/data/datasets/Zhu2023_sc-islet_scRNA-seq/fastq/24Oct23/SRP374217/SRX15207309/SRR19140226.sra
2023-10-24 11:29:59,853 - CMD: fastq-dump -N 109500511 -X 120450561 -O /cellar/users/aklie/tmp/fastq-dump/pfd_nzyoj103/10 --split-files --gzip /cellar/users/aklie/data/datasets/Zhu2023_sc-islet_scRNA-seq/fastq/24Oct23/SRP374217/SRX15207309/SRR19140226.sra
2023-10-24 11:29:59,887 - CMD: fastq-dump -N 120450562 -X 131400612 -O /cellar/users/aklie/tmp/fastq-dump/pfd_nzyoj103/11 --split-files --gzip /cellar/users/aklie/data/datasets/Zhu2023_sc-islet_scRNA-seq/fastq/24Oct23/SRP374217/SRX15207309/SRR19140226.sra
2023-10-24 11:29:59,914 - CMD: fastq-dump -N 131400613 -X 142350663 -O /cellar/users/aklie/tmp/fastq-dump/pfd_nzyoj103/12 --split-files --gzip /cellar/users/aklie/data/datasets/Zhu2023_sc-islet_scRNA-seq/fastq/24Oct23/SRP374217/SRX15207309/SRR19140226.sra
2023-10-24 11:29:59,960 - CMD: fastq-dump -N 142350664 -X 153300714 -O /cellar/users/aklie/tmp/fastq-dump/pfd_nzyoj103/13 --split-files --gzip /cellar/users/aklie/data/datasets/Zhu2023_sc-islet_scRNA-seq/fastq/24Oct23/SRP374217/SRX15207309/SRR19140226.sra
2023-10-24 11:30:00,017 - CMD: fastq-dump -N 153300715 -X 164250765 -O /cellar/users/aklie/tmp/fastq-dump/pfd_nzyoj103/14 --split-files --gzip /cellar/users/aklie/data/datasets/Zhu2023_sc-islet_scRNA-seq/fastq/24Oct23/SRP374217/SRX15207309/SRR19140226.sra
2023-10-24 11:30:00,070 - CMD: fastq-dump -N 164250766 -X 175200816 -O /cellar/users/aklie/tmp/fastq-dump/pfd_nzyoj103/15 --split-files --gzip /cellar/users/aklie/data/datasets/Zhu2023_sc-islet_scRNA-seq/fastq/24Oct23/SRP374217/SRX15207309/SRR19140226.sra
2023-10-24 11:30:00,116 - CMD: fastq-dump -N 175200817 -X 186150867 -O /cellar/users/aklie/tmp/fastq-dump/pfd_nzyoj103/16 --split-files --gzip /cellar/users/aklie/data/datasets/Zhu2023_sc-islet_scRNA-seq/fastq/24Oct23/SRP374217/SRX15207309/SRR19140226.sra
2023-10-24 11:30:00,194 - CMD: fastq-dump -N 186150868 -X 197100918 -O /cellar/users/aklie/tmp/fastq-dump/pfd_nzyoj103/17 --split-files --gzip /cellar/users/aklie/data/datasets/Zhu2023_sc-islet_scRNA-seq/fastq/24Oct23/SRP374217/SRX15207309/SRR19140226.sra
2023-10-24 11:30:00,232 - CMD: fastq-dump -N 197100919 -X 208050969 -O /cellar/users/aklie/tmp/fastq-dump/pfd_nzyoj103/18 --split-files --gzip /cellar/users/aklie/data/datasets/Zhu2023_sc-islet_scRNA-seq/fastq/24Oct23/SRP374217/SRX15207309/SRR19140226.sra
2023-10-24 11:30:00,273 - CMD: fastq-dump -N 208050970 -X 219001020 -O /cellar/users/aklie/tmp/fastq-dump/pfd_nzyoj103/19 --split-files --gzip /cellar/users/aklie/data/datasets/Zhu2023_sc-islet_scRNA-seq/fastq/24Oct23/SRP374217/SRX15207309/SRR19140226.sra
2023-10-24 11:30:00,314 - CMD: fastq-dump -N 219001021 -X 229951071 -O /cellar/users/aklie/tmp/fastq-dump/pfd_nzyoj103/20 --split-files --gzip /cellar/users/aklie/data/datasets/Zhu2023_sc-islet_scRNA-seq/fastq/24Oct23/SRP374217/SRX15207309/SRR19140226.sra
2023-10-24 11:30:00,345 - CMD: fastq-dump -N 229951072 -X 240901122 -O /cellar/users/aklie/tmp/fastq-dump/pfd_nzyoj103/21 --split-files --gzip /cellar/users/aklie/data/datasets/Zhu2023_sc-islet_scRNA-seq/fastq/24Oct23/SRP374217/SRX15207309/SRR19140226.sra
2023-10-24 11:30:00,381 - CMD: fastq-dump -N 240901123 -X 251851173 -O /cellar/users/aklie/tmp/fastq-dump/pfd_nzyoj103/22 --split-files --gzip /cellar/users/aklie/data/datasets/Zhu2023_sc-islet_scRNA-seq/fastq/24Oct23/SRP374217/SRX15207309/SRR19140226.sra
2023-10-24 11:30:00,419 - CMD: fastq-dump -N 251851174 -X 262801224 -O /cellar/users/aklie/tmp/fastq-dump/pfd_nzyoj103/23 --split-files --gzip /cellar/users/aklie/data/datasets/Zhu2023_sc-islet_scRNA-seq/fastq/24Oct23/SRP374217/SRX15207309/SRR19140226.sra
2023-10-24 11:30:00,459 - CMD: fastq-dump -N 262801225 -X 273751275 -O /cellar/users/aklie/tmp/fastq-dump/pfd_nzyoj103/24 --split-files --gzip /cellar/users/aklie/data/datasets/Zhu2023_sc-islet_scRNA-seq/fastq/24Oct23/SRP374217/SRX15207309/SRR19140226.sra
2023-10-24 11:30:00,489 - CMD: fastq-dump -N 273751276 -X 284701326 -O /cellar/users/aklie/tmp/fastq-dump/pfd_nzyoj103/25 --split-files --gzip /cellar/users/aklie/data/datasets/Zhu2023_sc-islet_scRNA-seq/fastq/24Oct23/SRP374217/SRX15207309/SRR19140226.sra
2023-10-24 11:30:00,525 - CMD: fastq-dump -N 284701327 -X 295651377 -O /cellar/users/aklie/tmp/fastq-dump/pfd_nzyoj103/26 --split-files --gzip /cellar/users/aklie/data/datasets/Zhu2023_sc-islet_scRNA-seq/fastq/24Oct23/SRP374217/SRX15207309/SRR19140226.sra
2023-10-24 11:30:00,552 - CMD: fastq-dump -N 295651378 -X 306601428 -O /cellar/users/aklie/tmp/fastq-dump/pfd_nzyoj103/27 --split-files --gzip /cellar/users/aklie/data/datasets/Zhu2023_sc-islet_scRNA-seq/fastq/24Oct23/SRP374217/SRX15207309/SRR19140226.sra
2023-10-24 11:30:00,572 - CMD: fastq-dump -N 306601429 -X 317551479 -O /cellar/users/aklie/tmp/fastq-dump/pfd_nzyoj103/28 --split-files --gzip /cellar/users/aklie/data/datasets/Zhu2023_sc-islet_scRNA-seq/fastq/24Oct23/SRP374217/SRX15207309/SRR19140226.sra
2023-10-24 11:30:00,592 - CMD: fastq-dump -N 317551480 -X 328501530 -O /cellar/users/aklie/tmp/fastq-dump/pfd_nzyoj103/29 --split-files --gzip /cellar/users/aklie/data/datasets/Zhu2023_sc-islet_scRNA-seq/fastq/24Oct23/SRP374217/SRX15207309/SRR19140226.sra
2023-10-24 11:30:00,613 - CMD: fastq-dump -N 328501531 -X 339451581 -O /cellar/users/aklie/tmp/fastq-dump/pfd_nzyoj103/30 --split-files --gzip /cellar/users/aklie/data/datasets/Zhu2023_sc-islet_scRNA-seq/fastq/24Oct23/SRP374217/SRX15207309/SRR19140226.sra
2023-10-24 11:30:00,637 - CMD: fastq-dump -N 339451582 -X 350401632 -O /cellar/users/aklie/tmp/fastq-dump/pfd_nzyoj103/31 --split-files --gzip /cellar/users/aklie/data/datasets/Zhu2023_sc-islet_scRNA-seq/fastq/24Oct23/SRP374217/SRX15207309/SRR19140226.sra
2023-10-24 11:30:00,663 - CMD: fastq-dump -N 350401633 -X 361351683 -O /cellar/users/aklie/tmp/fastq-dump/pfd_nzyoj103/32 --split-files --gzip /cellar/users/aklie/data/datasets/Zhu2023_sc-islet_scRNA-seq/fastq/24Oct23/SRP374217/SRX15207309/SRR19140226.sra
2023-10-24 11:30:00,690 - CMD: fastq-dump -N 361351684 -X 372301734 -O /cellar/users/aklie/tmp/fastq-dump/pfd_nzyoj103/33 --split-files --gzip /cellar/users/aklie/data/datasets/Zhu2023_sc-islet_scRNA-seq/fastq/24Oct23/SRP374217/SRX15207309/SRR19140226.sra
2023-10-24 11:30:00,713 - CMD: fastq-dump -N 372301735 -X 383251785 -O /cellar/users/aklie/tmp/fastq-dump/pfd_nzyoj103/34 --split-files --gzip /cellar/users/aklie/data/datasets/Zhu2023_sc-islet_scRNA-seq/fastq/24Oct23/SRP374217/SRX15207309/SRR19140226.sra
2023-10-24 11:30:00,750 - CMD: fastq-dump -N 383251786 -X 394201836 -O /cellar/users/aklie/tmp/fastq-dump/pfd_nzyoj103/35 --split-files --gzip /cellar/users/aklie/data/datasets/Zhu2023_sc-islet_scRNA-seq/fastq/24Oct23/SRP374217/SRX15207309/SRR19140226.sra
2023-10-24 11:30:00,780 - CMD: fastq-dump -N 394201837 -X 405151887 -O /cellar/users/aklie/tmp/fastq-dump/pfd_nzyoj103/36 --split-files --gzip /cellar/users/aklie/data/datasets/Zhu2023_sc-islet_scRNA-seq/fastq/24Oct23/SRP374217/SRX15207309/SRR19140226.sra
2023-10-24 11:30:00,819 - CMD: fastq-dump -N 405151888 -X 416101938 -O /cellar/users/aklie/tmp/fastq-dump/pfd_nzyoj103/37 --split-files --gzip /cellar/users/aklie/data/datasets/Zhu2023_sc-islet_scRNA-seq/fastq/24Oct23/SRP374217/SRX15207309/SRR19140226.sra
2023-10-24 11:30:00,849 - CMD: fastq-dump -N 416101939 -X 427051989 -O /cellar/users/aklie/tmp/fastq-dump/pfd_nzyoj103/38 --split-files --gzip /cellar/users/aklie/data/datasets/Zhu2023_sc-islet_scRNA-seq/fastq/24Oct23/SRP374217/SRX15207309/SRR19140226.sra
2023-10-24 11:30:00,883 - CMD: fastq-dump -N 427051990 -X 438002040 -O /cellar/users/aklie/tmp/fastq-dump/pfd_nzyoj103/39 --split-files --gzip /cellar/users/aklie/data/datasets/Zhu2023_sc-islet_scRNA-seq/fastq/24Oct23/SRP374217/SRX15207309/SRR19140226.sra
2023-10-24 11:30:00,906 - CMD: fastq-dump -N 438002041 -X 448952091 -O /cellar/users/aklie/tmp/fastq-dump/pfd_nzyoj103/40 --split-files --gzip /cellar/users/aklie/data/datasets/Zhu2023_sc-islet_scRNA-seq/fastq/24Oct23/SRP374217/SRX15207309/SRR19140226.sra
2023-10-24 11:30:00,929 - CMD: fastq-dump -N 448952092 -X 459902142 -O /cellar/users/aklie/tmp/fastq-dump/pfd_nzyoj103/41 --split-files --gzip /cellar/users/aklie/data/datasets/Zhu2023_sc-islet_scRNA-seq/fastq/24Oct23/SRP374217/SRX15207309/SRR19140226.sra
2023-10-24 11:30:00,969 - CMD: fastq-dump -N 459902143 -X 470852193 -O /cellar/users/aklie/tmp/fastq-dump/pfd_nzyoj103/42 --split-files --gzip /cellar/users/aklie/data/datasets/Zhu2023_sc-islet_scRNA-seq/fastq/24Oct23/SRP374217/SRX15207309/SRR19140226.sra
2023-10-24 11:30:01,005 - CMD: fastq-dump -N 470852194 -X 481802244 -O /cellar/users/aklie/tmp/fastq-dump/pfd_nzyoj103/43 --split-files --gzip /cellar/users/aklie/data/datasets/Zhu2023_sc-islet_scRNA-seq/fastq/24Oct23/SRP374217/SRX15207309/SRR19140226.sra
2023-10-24 11:30:01,046 - CMD: fastq-dump -N 481802245 -X 492752295 -O /cellar/users/aklie/tmp/fastq-dump/pfd_nzyoj103/44 --split-files --gzip /cellar/users/aklie/data/datasets/Zhu2023_sc-islet_scRNA-seq/fastq/24Oct23/SRP374217/SRX15207309/SRR19140226.sra
2023-10-24 11:30:01,087 - CMD: fastq-dump -N 492752296 -X 503702346 -O /cellar/users/aklie/tmp/fastq-dump/pfd_nzyoj103/45 --split-files --gzip /cellar/users/aklie/data/datasets/Zhu2023_sc-islet_scRNA-seq/fastq/24Oct23/SRP374217/SRX15207309/SRR19140226.sra
2023-10-24 11:30:01,123 - CMD: fastq-dump -N 503702347 -X 514652397 -O /cellar/users/aklie/tmp/fastq-dump/pfd_nzyoj103/46 --split-files --gzip /cellar/users/aklie/data/datasets/Zhu2023_sc-islet_scRNA-seq/fastq/24Oct23/SRP374217/SRX15207309/SRR19140226.sra
2023-10-24 11:30:01,159 - CMD: fastq-dump -N 514652398 -X 525602448 -O /cellar/users/aklie/tmp/fastq-dump/pfd_nzyoj103/47 --split-files --gzip /cellar/users/aklie/data/datasets/Zhu2023_sc-islet_scRNA-seq/fastq/24Oct23/SRP374217/SRX15207309/SRR19140226.sra
2023-10-24 11:30:01,194 - CMD: fastq-dump -N 525602449 -X 536552499 -O /cellar/users/aklie/tmp/fastq-dump/pfd_nzyoj103/48 --split-files --gzip /cellar/users/aklie/data/datasets/Zhu2023_sc-islet_scRNA-seq/fastq/24Oct23/SRP374217/SRX15207309/SRR19140226.sra
2023-10-24 11:30:01,249 - CMD: fastq-dump -N 536552500 -X 547502550 -O /cellar/users/aklie/tmp/fastq-dump/pfd_nzyoj103/49 --split-files --gzip /cellar/users/aklie/data/datasets/Zhu2023_sc-islet_scRNA-seq/fastq/24Oct23/SRP374217/SRX15207309/SRR19140226.sra
2023-10-24 11:30:01,284 - CMD: fastq-dump -N 547502551 -X 558452601 -O /cellar/users/aklie/tmp/fastq-dump/pfd_nzyoj103/50 --split-files --gzip /cellar/users/aklie/data/datasets/Zhu2023_sc-islet_scRNA-seq/fastq/24Oct23/SRP374217/SRX15207309/SRR19140226.sra
2023-10-24 11:30:01,323 - CMD: fastq-dump -N 558452602 -X 569402652 -O /cellar/users/aklie/tmp/fastq-dump/pfd_nzyoj103/51 --split-files --gzip /cellar/users/aklie/data/datasets/Zhu2023_sc-islet_scRNA-seq/fastq/24Oct23/SRP374217/SRX15207309/SRR19140226.sra
2023-10-24 11:30:01,365 - CMD: fastq-dump -N 569402653 -X 580352703 -O /cellar/users/aklie/tmp/fastq-dump/pfd_nzyoj103/52 --split-files --gzip /cellar/users/aklie/data/datasets/Zhu2023_sc-islet_scRNA-seq/fastq/24Oct23/SRP374217/SRX15207309/SRR19140226.sra
2023-10-24 11:30:01,396 - CMD: fastq-dump -N 580352704 -X 591302754 -O /cellar/users/aklie/tmp/fastq-dump/pfd_nzyoj103/53 --split-files --gzip /cellar/users/aklie/data/datasets/Zhu2023_sc-islet_scRNA-seq/fastq/24Oct23/SRP374217/SRX15207309/SRR19140226.sra
2023-10-24 11:30:01,424 - CMD: fastq-dump -N 591302755 -X 602252805 -O /cellar/users/aklie/tmp/fastq-dump/pfd_nzyoj103/54 --split-files --gzip /cellar/users/aklie/data/datasets/Zhu2023_sc-islet_scRNA-seq/fastq/24Oct23/SRP374217/SRX15207309/SRR19140226.sra
2023-10-24 11:30:01,479 - CMD: fastq-dump -N 602252806 -X 613202856 -O /cellar/users/aklie/tmp/fastq-dump/pfd_nzyoj103/55 --split-files --gzip /cellar/users/aklie/data/datasets/Zhu2023_sc-islet_scRNA-seq/fastq/24Oct23/SRP374217/SRX15207309/SRR19140226.sra
2023-10-24 11:30:01,517 - CMD: fastq-dump -N 613202857 -X 624152907 -O /cellar/users/aklie/tmp/fastq-dump/pfd_nzyoj103/56 --split-files --gzip /cellar/users/aklie/data/datasets/Zhu2023_sc-islet_scRNA-seq/fastq/24Oct23/SRP374217/SRX15207309/SRR19140226.sra
2023-10-24 11:30:01,549 - CMD: fastq-dump -N 624152908 -X 635102958 -O /cellar/users/aklie/tmp/fastq-dump/pfd_nzyoj103/57 --split-files --gzip /cellar/users/aklie/data/datasets/Zhu2023_sc-islet_scRNA-seq/fastq/24Oct23/SRP374217/SRX15207309/SRR19140226.sra
2023-10-24 11:30:01,578 - CMD: fastq-dump -N 635102959 -X 646053009 -O /cellar/users/aklie/tmp/fastq-dump/pfd_nzyoj103/58 --split-files --gzip /cellar/users/aklie/data/datasets/Zhu2023_sc-islet_scRNA-seq/fastq/24Oct23/SRP374217/SRX15207309/SRR19140226.sra
2023-10-24 11:30:01,618 - CMD: fastq-dump -N 646053010 -X 657003060 -O /cellar/users/aklie/tmp/fastq-dump/pfd_nzyoj103/59 --split-files --gzip /cellar/users/aklie/data/datasets/Zhu2023_sc-islet_scRNA-seq/fastq/24Oct23/SRP374217/SRX15207309/SRR19140226.sra
2023-10-24 11:30:01,650 - CMD: fastq-dump -N 657003061 -X 667953111 -O /cellar/users/aklie/tmp/fastq-dump/pfd_nzyoj103/60 --split-files --gzip /cellar/users/aklie/data/datasets/Zhu2023_sc-islet_scRNA-seq/fastq/24Oct23/SRP374217/SRX15207309/SRR19140226.sra
2023-10-24 11:30:01,682 - CMD: fastq-dump -N 667953112 -X 678903162 -O /cellar/users/aklie/tmp/fastq-dump/pfd_nzyoj103/61 --split-files --gzip /cellar/users/aklie/data/datasets/Zhu2023_sc-islet_scRNA-seq/fastq/24Oct23/SRP374217/SRX15207309/SRR19140226.sra
2023-10-24 11:30:01,723 - CMD: fastq-dump -N 678903163 -X 689853213 -O /cellar/users/aklie/tmp/fastq-dump/pfd_nzyoj103/62 --split-files --gzip /cellar/users/aklie/data/datasets/Zhu2023_sc-islet_scRNA-seq/fastq/24Oct23/SRP374217/SRX15207309/SRR19140226.sra
2023-10-24 11:30:01,753 - CMD: fastq-dump -N 689853214 -X 700803322 -O /cellar/users/aklie/tmp/fastq-dump/pfd_nzyoj103/63 --split-files --gzip /cellar/users/aklie/data/datasets/Zhu2023_sc-islet_scRNA-seq/fastq/24Oct23/SRP374217/SRX15207309/SRR19140226.sra
2023-10-24 11:48:41,402 - SRR ids: ['/cellar/users/aklie/data/datasets/Zhu2023_sc-islet_scRNA-seq/fastq/24Oct23/SRP374217/SRX15207310/SRR19140225.sra']
2023-10-24 11:48:41,427 - extra args: ['--split-files', '--gzip']
2023-10-24 11:48:41,435 - tempdir: /cellar/users/aklie/tmp/fastq-dump/pfd_ro_3pkza
2023-10-24 11:48:41,436 - CMD: sra-stat --meta --quick /cellar/users/aklie/data/datasets/Zhu2023_sc-islet_scRNA-seq/fastq/24Oct23/SRP374217/SRX15207310/SRR19140225.sra
2023-10-24 11:48:42,583 - /cellar/users/aklie/data/datasets/Zhu2023_sc-islet_scRNA-seq/fastq/24Oct23/SRP374217/SRX15207310/SRR19140225.sra spots: 325250810
2023-10-24 11:48:42,584 - blocks: [[1, 5082043], [5082044, 10164086], [10164087, 15246129], [15246130, 20328172], [20328173, 25410215], [25410216, 30492258], [30492259, 35574301], [35574302, 40656344], [40656345, 45738387], [45738388, 50820430], [50820431, 55902473], [55902474, 60984516], [60984517, 66066559], [66066560, 71148602], [71148603, 76230645], [76230646, 81312688], [81312689, 86394731], [86394732, 91476774], [91476775, 96558817], [96558818, 101640860], [101640861, 106722903], [106722904, 111804946], [111804947, 116886989], [116886990, 121969032], [121969033, 127051075], [127051076, 132133118], [132133119, 137215161], [137215162, 142297204], [142297205, 147379247], [147379248, 152461290], [152461291, 157543333], [157543334, 162625376], [162625377, 167707419], [167707420, 172789462], [172789463, 177871505], [177871506, 182953548], [182953549, 188035591], [188035592, 193117634], [193117635, 198199677], [198199678, 203281720], [203281721, 208363763], [208363764, 213445806], [213445807, 218527849], [218527850, 223609892], [223609893, 228691935], [228691936, 233773978], [233773979, 238856021], [238856022, 243938064], [243938065, 249020107], [249020108, 254102150], [254102151, 259184193], [259184194, 264266236], [264266237, 269348279], [269348280, 274430322], [274430323, 279512365], [279512366, 284594408], [284594409, 289676451], [289676452, 294758494], [294758495, 299840537], [299840538, 304922580], [304922581, 310004623], [310004624, 315086666], [315086667, 320168709], [320168710, 325250810]]
2023-10-24 11:48:42,588 - CMD: fastq-dump -N 1 -X 5082043 -O /cellar/users/aklie/tmp/fastq-dump/pfd_ro_3pkza/0 --split-files --gzip /cellar/users/aklie/data/datasets/Zhu2023_sc-islet_scRNA-seq/fastq/24Oct23/SRP374217/SRX15207310/SRR19140225.sra
2023-10-24 11:48:42,638 - CMD: fastq-dump -N 5082044 -X 10164086 -O /cellar/users/aklie/tmp/fastq-dump/pfd_ro_3pkza/1 --split-files --gzip /cellar/users/aklie/data/datasets/Zhu2023_sc-islet_scRNA-seq/fastq/24Oct23/SRP374217/SRX15207310/SRR19140225.sra
2023-10-24 11:48:42,676 - CMD: fastq-dump -N 10164087 -X 15246129 -O /cellar/users/aklie/tmp/fastq-dump/pfd_ro_3pkza/2 --split-files --gzip /cellar/users/aklie/data/datasets/Zhu2023_sc-islet_scRNA-seq/fastq/24Oct23/SRP374217/SRX15207310/SRR19140225.sra
2023-10-24 11:48:42,702 - CMD: fastq-dump -N 15246130 -X 20328172 -O /cellar/users/aklie/tmp/fastq-dump/pfd_ro_3pkza/3 --split-files --gzip /cellar/users/aklie/data/datasets/Zhu2023_sc-islet_scRNA-seq/fastq/24Oct23/SRP374217/SRX15207310/SRR19140225.sra
2023-10-24 11:48:42,729 - CMD: fastq-dump -N 20328173 -X 25410215 -O /cellar/users/aklie/tmp/fastq-dump/pfd_ro_3pkza/4 --split-files --gzip /cellar/users/aklie/data/datasets/Zhu2023_sc-islet_scRNA-seq/fastq/24Oct23/SRP374217/SRX15207310/SRR19140225.sra
2023-10-24 11:48:42,754 - CMD: fastq-dump -N 25410216 -X 30492258 -O /cellar/users/aklie/tmp/fastq-dump/pfd_ro_3pkza/5 --split-files --gzip /cellar/users/aklie/data/datasets/Zhu2023_sc-islet_scRNA-seq/fastq/24Oct23/SRP374217/SRX15207310/SRR19140225.sra
2023-10-24 11:48:42,781 - CMD: fastq-dump -N 30492259 -X 35574301 -O /cellar/users/aklie/tmp/fastq-dump/pfd_ro_3pkza/6 --split-files --gzip /cellar/users/aklie/data/datasets/Zhu2023_sc-islet_scRNA-seq/fastq/24Oct23/SRP374217/SRX15207310/SRR19140225.sra
2023-10-24 11:48:42,837 - CMD: fastq-dump -N 35574302 -X 40656344 -O /cellar/users/aklie/tmp/fastq-dump/pfd_ro_3pkza/7 --split-files --gzip /cellar/users/aklie/data/datasets/Zhu2023_sc-islet_scRNA-seq/fastq/24Oct23/SRP374217/SRX15207310/SRR19140225.sra
2023-10-24 11:48:42,872 - CMD: fastq-dump -N 40656345 -X 45738387 -O /cellar/users/aklie/tmp/fastq-dump/pfd_ro_3pkza/8 --split-files --gzip /cellar/users/aklie/data/datasets/Zhu2023_sc-islet_scRNA-seq/fastq/24Oct23/SRP374217/SRX15207310/SRR19140225.sra
2023-10-24 11:48:42,923 - CMD: fastq-dump -N 45738388 -X 50820430 -O /cellar/users/aklie/tmp/fastq-dump/pfd_ro_3pkza/9 --split-files --gzip /cellar/users/aklie/data/datasets/Zhu2023_sc-islet_scRNA-seq/fastq/24Oct23/SRP374217/SRX15207310/SRR19140225.sra
2023-10-24 11:48:42,976 - CMD: fastq-dump -N 50820431 -X 55902473 -O /cellar/users/aklie/tmp/fastq-dump/pfd_ro_3pkza/10 --split-files --gzip /cellar/users/aklie/data/datasets/Zhu2023_sc-islet_scRNA-seq/fastq/24Oct23/SRP374217/SRX15207310/SRR19140225.sra
2023-10-24 11:48:43,031 - CMD: fastq-dump -N 55902474 -X 60984516 -O /cellar/users/aklie/tmp/fastq-dump/pfd_ro_3pkza/11 --split-files --gzip /cellar/users/aklie/data/datasets/Zhu2023_sc-islet_scRNA-seq/fastq/24Oct23/SRP374217/SRX15207310/SRR19140225.sra
2023-10-24 11:48:43,090 - CMD: fastq-dump -N 60984517 -X 66066559 -O /cellar/users/aklie/tmp/fastq-dump/pfd_ro_3pkza/12 --split-files --gzip /cellar/users/aklie/data/datasets/Zhu2023_sc-islet_scRNA-seq/fastq/24Oct23/SRP374217/SRX15207310/SRR19140225.sra
2023-10-24 11:48:43,152 - CMD: fastq-dump -N 66066560 -X 71148602 -O /cellar/users/aklie/tmp/fastq-dump/pfd_ro_3pkza/13 --split-files --gzip /cellar/users/aklie/data/datasets/Zhu2023_sc-islet_scRNA-seq/fastq/24Oct23/SRP374217/SRX15207310/SRR19140225.sra
2023-10-24 11:48:43,216 - CMD: fastq-dump -N 71148603 -X 76230645 -O /cellar/users/aklie/tmp/fastq-dump/pfd_ro_3pkza/14 --split-files --gzip /cellar/users/aklie/data/datasets/Zhu2023_sc-islet_scRNA-seq/fastq/24Oct23/SRP374217/SRX15207310/SRR19140225.sra
2023-10-24 11:48:43,257 - CMD: fastq-dump -N 76230646 -X 81312688 -O /cellar/users/aklie/tmp/fastq-dump/pfd_ro_3pkza/15 --split-files --gzip /cellar/users/aklie/data/datasets/Zhu2023_sc-islet_scRNA-seq/fastq/24Oct23/SRP374217/SRX15207310/SRR19140225.sra
2023-10-24 11:48:43,309 - CMD: fastq-dump -N 81312689 -X 86394731 -O /cellar/users/aklie/tmp/fastq-dump/pfd_ro_3pkza/16 --split-files --gzip /cellar/users/aklie/data/datasets/Zhu2023_sc-islet_scRNA-seq/fastq/24Oct23/SRP374217/SRX15207310/SRR19140225.sra
2023-10-24 11:48:43,383 - CMD: fastq-dump -N 86394732 -X 91476774 -O /cellar/users/aklie/tmp/fastq-dump/pfd_ro_3pkza/17 --split-files --gzip /cellar/users/aklie/data/datasets/Zhu2023_sc-islet_scRNA-seq/fastq/24Oct23/SRP374217/SRX15207310/SRR19140225.sra
2023-10-24 11:48:43,454 - CMD: fastq-dump -N 91476775 -X 96558817 -O /cellar/users/aklie/tmp/fastq-dump/pfd_ro_3pkza/18 --split-files --gzip /cellar/users/aklie/data/datasets/Zhu2023_sc-islet_scRNA-seq/fastq/24Oct23/SRP374217/SRX15207310/SRR19140225.sra
2023-10-24 11:48:43,531 - CMD: fastq-dump -N 96558818 -X 101640860 -O /cellar/users/aklie/tmp/fastq-dump/pfd_ro_3pkza/19 --split-files --gzip /cellar/users/aklie/data/datasets/Zhu2023_sc-islet_scRNA-seq/fastq/24Oct23/SRP374217/SRX15207310/SRR19140225.sra
2023-10-24 11:48:43,570 - CMD: fastq-dump -N 101640861 -X 106722903 -O /cellar/users/aklie/tmp/fastq-dump/pfd_ro_3pkza/20 --split-files --gzip /cellar/users/aklie/data/datasets/Zhu2023_sc-islet_scRNA-seq/fastq/24Oct23/SRP374217/SRX15207310/SRR19140225.sra
2023-10-24 11:48:43,600 - CMD: fastq-dump -N 106722904 -X 111804946 -O /cellar/users/aklie/tmp/fastq-dump/pfd_ro_3pkza/21 --split-files --gzip /cellar/users/aklie/data/datasets/Zhu2023_sc-islet_scRNA-seq/fastq/24Oct23/SRP374217/SRX15207310/SRR19140225.sra
2023-10-24 11:48:43,633 - CMD: fastq-dump -N 111804947 -X 116886989 -O /cellar/users/aklie/tmp/fastq-dump/pfd_ro_3pkza/22 --split-files --gzip /cellar/users/aklie/data/datasets/Zhu2023_sc-islet_scRNA-seq/fastq/24Oct23/SRP374217/SRX15207310/SRR19140225.sra
2023-10-24 11:48:43,663 - CMD: fastq-dump -N 116886990 -X 121969032 -O /cellar/users/aklie/tmp/fastq-dump/pfd_ro_3pkza/23 --split-files --gzip /cellar/users/aklie/data/datasets/Zhu2023_sc-islet_scRNA-seq/fastq/24Oct23/SRP374217/SRX15207310/SRR19140225.sra
2023-10-24 11:48:43,696 - CMD: fastq-dump -N 121969033 -X 127051075 -O /cellar/users/aklie/tmp/fastq-dump/pfd_ro_3pkza/24 --split-files --gzip /cellar/users/aklie/data/datasets/Zhu2023_sc-islet_scRNA-seq/fastq/24Oct23/SRP374217/SRX15207310/SRR19140225.sra
2023-10-24 11:48:43,756 - CMD: fastq-dump -N 127051076 -X 132133118 -O /cellar/users/aklie/tmp/fastq-dump/pfd_ro_3pkza/25 --split-files --gzip /cellar/users/aklie/data/datasets/Zhu2023_sc-islet_scRNA-seq/fastq/24Oct23/SRP374217/SRX15207310/SRR19140225.sra
2023-10-24 11:48:43,810 - CMD: fastq-dump -N 132133119 -X 137215161 -O /cellar/users/aklie/tmp/fastq-dump/pfd_ro_3pkza/26 --split-files --gzip /cellar/users/aklie/data/datasets/Zhu2023_sc-islet_scRNA-seq/fastq/24Oct23/SRP374217/SRX15207310/SRR19140225.sra
2023-10-24 11:48:43,856 - CMD: fastq-dump -N 137215162 -X 142297204 -O /cellar/users/aklie/tmp/fastq-dump/pfd_ro_3pkza/27 --split-files --gzip /cellar/users/aklie/data/datasets/Zhu2023_sc-islet_scRNA-seq/fastq/24Oct23/SRP374217/SRX15207310/SRR19140225.sra
2023-10-24 11:48:43,916 - CMD: fastq-dump -N 142297205 -X 147379247 -O /cellar/users/aklie/tmp/fastq-dump/pfd_ro_3pkza/28 --split-files --gzip /cellar/users/aklie/data/datasets/Zhu2023_sc-islet_scRNA-seq/fastq/24Oct23/SRP374217/SRX15207310/SRR19140225.sra
2023-10-24 11:48:43,994 - CMD: fastq-dump -N 147379248 -X 152461290 -O /cellar/users/aklie/tmp/fastq-dump/pfd_ro_3pkza/29 --split-files --gzip /cellar/users/aklie/data/datasets/Zhu2023_sc-islet_scRNA-seq/fastq/24Oct23/SRP374217/SRX15207310/SRR19140225.sra
2023-10-24 11:48:44,058 - CMD: fastq-dump -N 152461291 -X 157543333 -O /cellar/users/aklie/tmp/fastq-dump/pfd_ro_3pkza/30 --split-files --gzip /cellar/users/aklie/data/datasets/Zhu2023_sc-islet_scRNA-seq/fastq/24Oct23/SRP374217/SRX15207310/SRR19140225.sra
2023-10-24 11:48:44,143 - CMD: fastq-dump -N 157543334 -X 162625376 -O /cellar/users/aklie/tmp/fastq-dump/pfd_ro_3pkza/31 --split-files --gzip /cellar/users/aklie/data/datasets/Zhu2023_sc-islet_scRNA-seq/fastq/24Oct23/SRP374217/SRX15207310/SRR19140225.sra
2023-10-24 11:48:44,221 - CMD: fastq-dump -N 162625377 -X 167707419 -O /cellar/users/aklie/tmp/fastq-dump/pfd_ro_3pkza/32 --split-files --gzip /cellar/users/aklie/data/datasets/Zhu2023_sc-islet_scRNA-seq/fastq/24Oct23/SRP374217/SRX15207310/SRR19140225.sra
2023-10-24 11:48:44,293 - CMD: fastq-dump -N 167707420 -X 172789462 -O /cellar/users/aklie/tmp/fastq-dump/pfd_ro_3pkza/33 --split-files --gzip /cellar/users/aklie/data/datasets/Zhu2023_sc-islet_scRNA-seq/fastq/24Oct23/SRP374217/SRX15207310/SRR19140225.sra
2023-10-24 11:48:44,362 - CMD: fastq-dump -N 172789463 -X 177871505 -O /cellar/users/aklie/tmp/fastq-dump/pfd_ro_3pkza/34 --split-files --gzip /cellar/users/aklie/data/datasets/Zhu2023_sc-islet_scRNA-seq/fastq/24Oct23/SRP374217/SRX15207310/SRR19140225.sra
2023-10-24 11:48:44,420 - CMD: fastq-dump -N 177871506 -X 182953548 -O /cellar/users/aklie/tmp/fastq-dump/pfd_ro_3pkza/35 --split-files --gzip /cellar/users/aklie/data/datasets/Zhu2023_sc-islet_scRNA-seq/fastq/24Oct23/SRP374217/SRX15207310/SRR19140225.sra
2023-10-24 11:48:44,473 - CMD: fastq-dump -N 182953549 -X 188035591 -O /cellar/users/aklie/tmp/fastq-dump/pfd_ro_3pkza/36 --split-files --gzip /cellar/users/aklie/data/datasets/Zhu2023_sc-islet_scRNA-seq/fastq/24Oct23/SRP374217/SRX15207310/SRR19140225.sra
2023-10-24 11:48:44,502 - CMD: fastq-dump -N 188035592 -X 193117634 -O /cellar/users/aklie/tmp/fastq-dump/pfd_ro_3pkza/37 --split-files --gzip /cellar/users/aklie/data/datasets/Zhu2023_sc-islet_scRNA-seq/fastq/24Oct23/SRP374217/SRX15207310/SRR19140225.sra
2023-10-24 11:48:44,534 - CMD: fastq-dump -N 193117635 -X 198199677 -O /cellar/users/aklie/tmp/fastq-dump/pfd_ro_3pkza/38 --split-files --gzip /cellar/users/aklie/data/datasets/Zhu2023_sc-islet_scRNA-seq/fastq/24Oct23/SRP374217/SRX15207310/SRR19140225.sra
2023-10-24 11:48:44,567 - CMD: fastq-dump -N 198199678 -X 203281720 -O /cellar/users/aklie/tmp/fastq-dump/pfd_ro_3pkza/39 --split-files --gzip /cellar/users/aklie/data/datasets/Zhu2023_sc-islet_scRNA-seq/fastq/24Oct23/SRP374217/SRX15207310/SRR19140225.sra
2023-10-24 11:48:44,598 - CMD: fastq-dump -N 203281721 -X 208363763 -O /cellar/users/aklie/tmp/fastq-dump/pfd_ro_3pkza/40 --split-files --gzip /cellar/users/aklie/data/datasets/Zhu2023_sc-islet_scRNA-seq/fastq/24Oct23/SRP374217/SRX15207310/SRR19140225.sra
2023-10-24 11:48:44,632 - CMD: fastq-dump -N 208363764 -X 213445806 -O /cellar/users/aklie/tmp/fastq-dump/pfd_ro_3pkza/41 --split-files --gzip /cellar/users/aklie/data/datasets/Zhu2023_sc-islet_scRNA-seq/fastq/24Oct23/SRP374217/SRX15207310/SRR19140225.sra
2023-10-24 11:48:44,684 - CMD: fastq-dump -N 213445807 -X 218527849 -O /cellar/users/aklie/tmp/fastq-dump/pfd_ro_3pkza/42 --split-files --gzip /cellar/users/aklie/data/datasets/Zhu2023_sc-islet_scRNA-seq/fastq/24Oct23/SRP374217/SRX15207310/SRR19140225.sra
2023-10-24 11:48:44,734 - CMD: fastq-dump -N 218527850 -X 223609892 -O /cellar/users/aklie/tmp/fastq-dump/pfd_ro_3pkza/43 --split-files --gzip /cellar/users/aklie/data/datasets/Zhu2023_sc-islet_scRNA-seq/fastq/24Oct23/SRP374217/SRX15207310/SRR19140225.sra
2023-10-24 11:48:44,799 - CMD: fastq-dump -N 223609893 -X 228691935 -O /cellar/users/aklie/tmp/fastq-dump/pfd_ro_3pkza/44 --split-files --gzip /cellar/users/aklie/data/datasets/Zhu2023_sc-islet_scRNA-seq/fastq/24Oct23/SRP374217/SRX15207310/SRR19140225.sra
2023-10-24 11:48:44,868 - CMD: fastq-dump -N 228691936 -X 233773978 -O /cellar/users/aklie/tmp/fastq-dump/pfd_ro_3pkza/45 --split-files --gzip /cellar/users/aklie/data/datasets/Zhu2023_sc-islet_scRNA-seq/fastq/24Oct23/SRP374217/SRX15207310/SRR19140225.sra
2023-10-24 11:48:44,940 - CMD: fastq-dump -N 233773979 -X 238856021 -O /cellar/users/aklie/tmp/fastq-dump/pfd_ro_3pkza/46 --split-files --gzip /cellar/users/aklie/data/datasets/Zhu2023_sc-islet_scRNA-seq/fastq/24Oct23/SRP374217/SRX15207310/SRR19140225.sra
2023-10-24 11:48:45,009 - CMD: fastq-dump -N 238856022 -X 243938064 -O /cellar/users/aklie/tmp/fastq-dump/pfd_ro_3pkza/47 --split-files --gzip /cellar/users/aklie/data/datasets/Zhu2023_sc-islet_scRNA-seq/fastq/24Oct23/SRP374217/SRX15207310/SRR19140225.sra
2023-10-24 11:48:45,073 - CMD: fastq-dump -N 243938065 -X 249020107 -O /cellar/users/aklie/tmp/fastq-dump/pfd_ro_3pkza/48 --split-files --gzip /cellar/users/aklie/data/datasets/Zhu2023_sc-islet_scRNA-seq/fastq/24Oct23/SRP374217/SRX15207310/SRR19140225.sra
2023-10-24 11:48:45,152 - CMD: fastq-dump -N 249020108 -X 254102150 -O /cellar/users/aklie/tmp/fastq-dump/pfd_ro_3pkza/49 --split-files --gzip /cellar/users/aklie/data/datasets/Zhu2023_sc-islet_scRNA-seq/fastq/24Oct23/SRP374217/SRX15207310/SRR19140225.sra
2023-10-24 11:48:45,194 - CMD: fastq-dump -N 254102151 -X 259184193 -O /cellar/users/aklie/tmp/fastq-dump/pfd_ro_3pkza/50 --split-files --gzip /cellar/users/aklie/data/datasets/Zhu2023_sc-islet_scRNA-seq/fastq/24Oct23/SRP374217/SRX15207310/SRR19140225.sra
2023-10-24 11:48:45,240 - CMD: fastq-dump -N 259184194 -X 264266236 -O /cellar/users/aklie/tmp/fastq-dump/pfd_ro_3pkza/51 --split-files --gzip /cellar/users/aklie/data/datasets/Zhu2023_sc-islet_scRNA-seq/fastq/24Oct23/SRP374217/SRX15207310/SRR19140225.sra
2023-10-24 11:48:45,310 - CMD: fastq-dump -N 264266237 -X 269348279 -O /cellar/users/aklie/tmp/fastq-dump/pfd_ro_3pkza/52 --split-files --gzip /cellar/users/aklie/data/datasets/Zhu2023_sc-islet_scRNA-seq/fastq/24Oct23/SRP374217/SRX15207310/SRR19140225.sra
2023-10-24 11:48:45,374 - CMD: fastq-dump -N 269348280 -X 274430322 -O /cellar/users/aklie/tmp/fastq-dump/pfd_ro_3pkza/53 --split-files --gzip /cellar/users/aklie/data/datasets/Zhu2023_sc-islet_scRNA-seq/fastq/24Oct23/SRP374217/SRX15207310/SRR19140225.sra
2023-10-24 11:48:45,451 - CMD: fastq-dump -N 274430323 -X 279512365 -O /cellar/users/aklie/tmp/fastq-dump/pfd_ro_3pkza/54 --split-files --gzip /cellar/users/aklie/data/datasets/Zhu2023_sc-islet_scRNA-seq/fastq/24Oct23/SRP374217/SRX15207310/SRR19140225.sra
2023-10-24 11:48:45,487 - CMD: fastq-dump -N 279512366 -X 284594408 -O /cellar/users/aklie/tmp/fastq-dump/pfd_ro_3pkza/55 --split-files --gzip /cellar/users/aklie/data/datasets/Zhu2023_sc-islet_scRNA-seq/fastq/24Oct23/SRP374217/SRX15207310/SRR19140225.sra
2023-10-24 11:48:45,523 - CMD: fastq-dump -N 284594409 -X 289676451 -O /cellar/users/aklie/tmp/fastq-dump/pfd_ro_3pkza/56 --split-files --gzip /cellar/users/aklie/data/datasets/Zhu2023_sc-islet_scRNA-seq/fastq/24Oct23/SRP374217/SRX15207310/SRR19140225.sra
2023-10-24 11:48:45,567 - CMD: fastq-dump -N 289676452 -X 294758494 -O /cellar/users/aklie/tmp/fastq-dump/pfd_ro_3pkza/57 --split-files --gzip /cellar/users/aklie/data/datasets/Zhu2023_sc-islet_scRNA-seq/fastq/24Oct23/SRP374217/SRX15207310/SRR19140225.sra
2023-10-24 11:48:45,609 - CMD: fastq-dump -N 294758495 -X 299840537 -O /cellar/users/aklie/tmp/fastq-dump/pfd_ro_3pkza/58 --split-files --gzip /cellar/users/aklie/data/datasets/Zhu2023_sc-islet_scRNA-seq/fastq/24Oct23/SRP374217/SRX15207310/SRR19140225.sra
2023-10-24 11:48:45,672 - CMD: fastq-dump -N 299840538 -X 304922580 -O /cellar/users/aklie/tmp/fastq-dump/pfd_ro_3pkza/59 --split-files --gzip /cellar/users/aklie/data/datasets/Zhu2023_sc-islet_scRNA-seq/fastq/24Oct23/SRP374217/SRX15207310/SRR19140225.sra
2023-10-24 11:48:45,766 - CMD: fastq-dump -N 304922581 -X 310004623 -O /cellar/users/aklie/tmp/fastq-dump/pfd_ro_3pkza/60 --split-files --gzip /cellar/users/aklie/data/datasets/Zhu2023_sc-islet_scRNA-seq/fastq/24Oct23/SRP374217/SRX15207310/SRR19140225.sra
2023-10-24 11:48:45,831 - CMD: fastq-dump -N 310004624 -X 315086666 -O /cellar/users/aklie/tmp/fastq-dump/pfd_ro_3pkza/61 --split-files --gzip /cellar/users/aklie/data/datasets/Zhu2023_sc-islet_scRNA-seq/fastq/24Oct23/SRP374217/SRX15207310/SRR19140225.sra
2023-10-24 11:48:45,903 - CMD: fastq-dump -N 315086667 -X 320168709 -O /cellar/users/aklie/tmp/fastq-dump/pfd_ro_3pkza/62 --split-files --gzip /cellar/users/aklie/data/datasets/Zhu2023_sc-islet_scRNA-seq/fastq/24Oct23/SRP374217/SRX15207310/SRR19140225.sra
2023-10-24 11:48:45,975 - CMD: fastq-dump -N 320168710 -X 325250810 -O /cellar/users/aklie/tmp/fastq-dump/pfd_ro_3pkza/63 --split-files --gzip /cellar/users/aklie/data/datasets/Zhu2023_sc-islet_scRNA-seq/fastq/24Oct23/SRP374217/SRX15207310/SRR19140225.sra

